2026-05-25 12:21:01.415 [main] INFO  com.longan.LonganApexApplication - Starting LonganApexApplication using Java 17.0.10 with PID 55933 (/mnt/data/Projects/test/longan-apex/longan_apex/target/classes started by fedora in /mnt/data/Projects/test/longan-apex/longan_apex)
2026-05-25 12:21:01.417 [main] DEBUG com.longan.LonganApexApplication - Running with Spring Boot v3.5.3, Spring v6.2.8
2026-05-25 12:21:01.417 [main] INFO  com.longan.LonganApexApplication - No active profile set, falling back to 1 default profile: "default"
2026-05-25 12:21:02.125 [main] INFO  org.apache.coyote.http11.Http11NioProtocol - Initializing ProtocolHandler ["http-nio-8080"]
2026-05-25 12:21:02.126 [main] INFO  org.apache.catalina.core.StandardService - Starting service [Tomcat]
2026-05-25 12:21:02.126 [main] INFO  org.apache.catalina.core.StandardEngine - Starting Servlet engine: [Apache Tomcat/10.1.42]
2026-05-25 12:21:02.151 [main] INFO  o.a.c.core.ContainerBase.[Tomcat].[localhost].[/] - Initializing Spring embedded WebApplicationContext
2026-05-25 12:21:02.692 [main] INFO  com.longan.config.WebMvcConfiguration - 开始注册自定义拦截器...
2026-05-25 12:21:02.908 [main] INFO  org.apache.coyote.http11.Http11NioProtocol - Starting ProtocolHandler ["http-nio-8080"]
2026-05-25 12:21:02.920 [main] INFO  com.longan.LonganApexApplication - Started LonganApexApplication in 1.888 seconds (process running for 2.217)
2026-05-25 12:21:02.922 [main] INFO  com.longan.LonganApexApplication - 启动成功
2026-05-25 12:21:54.764 [http-nio-8080-exec-1] INFO  o.a.c.core.ContainerBase.[Tomcat].[localhost].[/] - Initializing Spring DispatcherServlet 'dispatcherServlet'
2026-05-25 12:21:54.788 [http-nio-8080-exec-1] INFO  com.longan.JWT.JwtTokenInterceptor - 获取到的Token：null
2026-05-25 12:21:54.788 [http-nio-8080-exec-2] INFO  com.longan.JWT.JwtTokenInterceptor - 获取到的Token：null
2026-05-25 12:21:54.817 [http-nio-8080-exec-1] ERROR com.longan.JWT.JwtTokenInterceptor - JWT校验失败
java.lang.IllegalArgumentException: JWT String argument cannot be null or empty.
	at io.jsonwebtoken.lang.Assert.hasText(Assert.java:132)
	at io.jsonwebtoken.impl.DefaultJwtParser.parse(DefaultJwtParser.java:527)
	at io.jsonwebtoken.impl.DefaultJwtParser.parseClaimsJws(DefaultJwtParser.java:589)
	at io.jsonwebtoken.impl.ImmutableJwtParser.parseClaimsJws(ImmutableJwtParser.java:173)
	at com.longan.JWT.JwtUtil.parseJWT(JwtUtil.java:44)
	at com.longan.JWT.JwtTokenInterceptor.preHandle(JwtTokenInterceptor.java:40)
	at org.springframework.web.servlet.HandlerExecutionChain.applyPreHandle(HandlerExecutionChain.java:146)
	at org.springframework.web.servlet.DispatcherServlet.doDispatch(DispatcherServlet.java:1084)
	at org.springframework.web.servlet.DispatcherServlet.doService(DispatcherServlet.java:979)
	at org.springframework.web.servlet.FrameworkServlet.processRequest(FrameworkServlet.java:1014)
	at org.springframework.web.servlet.FrameworkServlet.doGet(FrameworkServlet.java:903)
	at jakarta.servlet.http.HttpServlet.service(HttpServlet.java:564)
	at org.springframework.web.servlet.FrameworkServlet.service(FrameworkServlet.java:885)
	at jakarta.servlet.http.HttpServlet.service(HttpServlet.java:658)
	at org.apache.catalina.core.ApplicationFilterChain.internalDoFilter(ApplicationFilterChain.java:195)
	at org.apache.catalina.core.ApplicationFilterChain.doFilter(ApplicationFilterChain.java:140)
	at org.apache.tomcat.websocket.server.WsFilter.doFilter(WsFilter.java:51)
	at org.apache.catalina.core.ApplicationFilterChain.internalDoFilter(ApplicationFilterChain.java:164)
	at org.apache.catalina.core.ApplicationFilterChain.doFilter(ApplicationFilterChain.java:140)
	at org.springframework.web.filter.RequestContextFilter.doFilterInternal(RequestContextFilter.java:100)
	at org.springframework.web.filter.OncePerRequestFilter.doFilter(OncePerRequestFilter.java:116)
	at org.apache.catalina.core.ApplicationFilterChain.internalDoFilter(ApplicationFilterChain.java:164)
	at org.apache.catalina.core.ApplicationFilterChain.doFilter(ApplicationFilterChain.java:140)
	at org.springframework.web.filter.FormContentFilter.doFilterInternal(FormContentFilter.java:93)
	at org.springframework.web.filter.OncePerRequestFilter.doFilter(OncePerRequestFilter.java:116)
	at org.apache.catalina.core.ApplicationFilterChain.internalDoFilter(ApplicationFilterChain.java:164)
	at org.apache.catalina.core.ApplicationFilterChain.doFilter(ApplicationFilterChain.java:140)
	at org.springframework.web.filter.CharacterEncodingFilter.doFilterInternal(CharacterEncodingFilter.java:201)
	at org.springframework.web.filter.OncePerRequestFilter.doFilter(OncePerRequestFilter.java:116)
	at org.apache.catalina.core.ApplicationFilterChain.internalDoFilter(ApplicationFilterChain.java:164)
	at org.apache.catalina.core.ApplicationFilterChain.doFilter(ApplicationFilterChain.java:140)
	at org.apache.catalina.core.StandardWrapperValve.invoke(StandardWrapperValve.java:167)
	at org.apache.catalina.core.StandardContextValve.invoke(StandardContextValve.java:90)
	at org.apache.catalina.authenticator.AuthenticatorBase.invoke(AuthenticatorBase.java:483)
	at org.apache.catalina.core.StandardHostValve.invoke(StandardHostValve.java:116)
	at org.apache.catalina.valves.ErrorReportValve.invoke(ErrorReportValve.java:93)
	at org.apache.catalina.core.StandardEngineValve.invoke(StandardEngineValve.java:74)
	at org.apache.catalina.connector.CoyoteAdapter.service(CoyoteAdapter.java:344)
	at org.apache.coyote.http11.Http11Processor.service(Http11Processor.java:398)
	at org.apache.coyote.AbstractProcessorLight.process(AbstractProcessorLight.java:63)
	at org.apache.coyote.AbstractProtocol$ConnectionHandler.process(AbstractProtocol.java:903)
	at org.apache.tomcat.util.net.NioEndpoint$SocketProcessor.doRun(NioEndpoint.java:1769)
	at org.apache.tomcat.util.net.SocketProcessorBase.run(SocketProcessorBase.java:52)
	at org.apache.tomcat.util.threads.ThreadPoolExecutor.runWorker(ThreadPoolExecutor.java:1189)
	at org.apache.tomcat.util.threads.ThreadPoolExecutor$Worker.run(ThreadPoolExecutor.java:658)
	at org.apache.tomcat.util.threads.TaskThread$WrappingRunnable.run(TaskThread.java:63)
	at java.base/java.lang.Thread.run(Thread.java:840)
2026-05-25 12:21:54.817 [http-nio-8080-exec-2] ERROR com.longan.JWT.JwtTokenInterceptor - JWT校验失败
java.lang.IllegalArgumentException: JWT String argument cannot be null or empty.
	at io.jsonwebtoken.lang.Assert.hasText(Assert.java:132)
	at io.jsonwebtoken.impl.DefaultJwtParser.parse(DefaultJwtParser.java:527)
	at io.jsonwebtoken.impl.DefaultJwtParser.parseClaimsJws(DefaultJwtParser.java:589)
	at io.jsonwebtoken.impl.ImmutableJwtParser.parseClaimsJws(ImmutableJwtParser.java:173)
	at com.longan.JWT.JwtUtil.parseJWT(JwtUtil.java:44)
	at com.longan.JWT.JwtTokenInterceptor.preHandle(JwtTokenInterceptor.java:40)
	at org.springframework.web.servlet.HandlerExecutionChain.applyPreHandle(HandlerExecutionChain.java:146)
	at org.springframework.web.servlet.DispatcherServlet.doDispatch(DispatcherServlet.java:1084)
	at org.springframework.web.servlet.DispatcherServlet.doService(DispatcherServlet.java:979)
	at org.springframework.web.servlet.FrameworkServlet.processRequest(FrameworkServlet.java:1014)
	at org.springframework.web.servlet.FrameworkServlet.doGet(FrameworkServlet.java:903)
	at jakarta.servlet.http.HttpServlet.service(HttpServlet.java:564)
	at org.springframework.web.servlet.FrameworkServlet.service(FrameworkServlet.java:885)
	at jakarta.servlet.http.HttpServlet.service(HttpServlet.java:658)
	at org.apache.catalina.core.ApplicationFilterChain.internalDoFilter(ApplicationFilterChain.java:195)
	at org.apache.catalina.core.ApplicationFilterChain.doFilter(ApplicationFilterChain.java:140)
	at org.apache.tomcat.websocket.server.WsFilter.doFilter(WsFilter.java:51)
	at org.apache.catalina.core.ApplicationFilterChain.internalDoFilter(ApplicationFilterChain.java:164)
	at org.apache.catalina.core.ApplicationFilterChain.doFilter(ApplicationFilterChain.java:140)
	at org.springframework.web.filter.RequestContextFilter.doFilterInternal(RequestContextFilter.java:100)
	at org.springframework.web.filter.OncePerRequestFilter.doFilter(OncePerRequestFilter.java:116)
	at org.apache.catalina.core.ApplicationFilterChain.internalDoFilter(ApplicationFilterChain.java:164)
	at org.apache.catalina.core.ApplicationFilterChain.doFilter(ApplicationFilterChain.java:140)
	at org.springframework.web.filter.FormContentFilter.doFilterInternal(FormContentFilter.java:93)
	at org.springframework.web.filter.OncePerRequestFilter.doFilter(OncePerRequestFilter.java:116)
	at org.apache.catalina.core.ApplicationFilterChain.internalDoFilter(ApplicationFilterChain.java:164)
	at org.apache.catalina.core.ApplicationFilterChain.doFilter(ApplicationFilterChain.java:140)
	at org.springframework.web.filter.CharacterEncodingFilter.doFilterInternal(CharacterEncodingFilter.java:201)
	at org.springframework.web.filter.OncePerRequestFilter.doFilter(OncePerRequestFilter.java:116)
	at org.apache.catalina.core.ApplicationFilterChain.internalDoFilter(ApplicationFilterChain.java:164)
	at org.apache.catalina.core.ApplicationFilterChain.doFilter(ApplicationFilterChain.java:140)
	at org.apache.catalina.core.StandardWrapperValve.invoke(StandardWrapperValve.java:167)
	at org.apache.catalina.core.StandardContextValve.invoke(StandardContextValve.java:90)
	at org.apache.catalina.authenticator.AuthenticatorBase.invoke(AuthenticatorBase.java:483)
	at org.apache.catalina.core.StandardHostValve.invoke(StandardHostValve.java:116)
	at org.apache.catalina.valves.ErrorReportValve.invoke(ErrorReportValve.java:93)
	at org.apache.catalina.core.StandardEngineValve.invoke(StandardEngineValve.java:74)
	at org.apache.catalina.connector.CoyoteAdapter.service(CoyoteAdapter.java:344)
	at org.apache.coyote.http11.Http11Processor.service(Http11Processor.java:398)
	at org.apache.coyote.AbstractProcessorLight.process(AbstractProcessorLight.java:63)
	at org.apache.coyote.AbstractProtocol$ConnectionHandler.process(AbstractProtocol.java:903)
	at org.apache.tomcat.util.net.NioEndpoint$SocketProcessor.doRun(NioEndpoint.java:1769)
	at org.apache.tomcat.util.net.SocketProcessorBase.run(SocketProcessorBase.java:52)
	at org.apache.tomcat.util.threads.ThreadPoolExecutor.runWorker(ThreadPoolExecutor.java:1189)
	at org.apache.tomcat.util.threads.ThreadPoolExecutor$Worker.run(ThreadPoolExecutor.java:658)
	at org.apache.tomcat.util.threads.TaskThread$WrappingRunnable.run(TaskThread.java:63)
	at java.base/java.lang.Thread.run(Thread.java:840)
2026-05-25 12:22:24.826 [http-nio-8080-exec-3] INFO  com.longan.user.controller.UserController - 登录：LoginDTO(email=123456789, password=000000)
2026-05-25 12:22:24.831 [http-nio-8080-exec-3] INFO  com.longan.user.service.impl.UserServiceImpl - 执行用户查询，条件：(email = #{ew.paramNameValuePairs.MPGENVAL1})
2026-05-25 12:22:24.876 [http-nio-8080-exec-3] INFO  com.zaxxer.hikari.HikariDataSource - HikariPool-1 - Starting...
2026-05-25 12:22:24.963 [http-nio-8080-exec-3] INFO  com.zaxxer.hikari.pool.HikariPool - HikariPool-1 - Added connection com.mysql.cj.jdbc.ConnectionImpl@f78bda4
2026-05-25 12:22:24.964 [http-nio-8080-exec-3] INFO  com.zaxxer.hikari.HikariDataSource - HikariPool-1 - Start completed.
2026-05-25 12:22:24.993 [http-nio-8080-exec-3] INFO  com.longan.user.service.impl.UserServiceImpl - 用户登录成功，用户名：123456789
2026-05-25 12:22:25.027 [http-nio-8080-exec-4] INFO  com.longan.JWT.JwtTokenInterceptor - 获取到的Token：eyJhbGciOiJIUzI1NiJ9.eyJpZCI6MTAwMSwiaWF0IjoxNzc5NjgyOTQ0LCJleHAiOjE3Nzk2OTAxNDR9.4U9DlgmpEjyRlH07F-FIV7kTqD2ji4Ai_1dU0akl4Wg
2026-05-25 12:22:25.038 [http-nio-8080-exec-4] INFO  com.longan.JWT.JwtTokenInterceptor - JWT校验成功，用户ID：1001
2026-05-25 12:22:25.043 [http-nio-8080-exec-4] INFO  com.longan.JWT.JwtTokenInterceptor - 清除ThreadLocal中的用户ID
2026-05-25 12:22:25.077 [http-nio-8080-exec-5] INFO  com.longan.JWT.JwtTokenInterceptor - 获取到的Token：eyJhbGciOiJIUzI1NiJ9.eyJpZCI6MTAwMSwiaWF0IjoxNzc5NjgyOTQ0LCJleHAiOjE3Nzk2OTAxNDR9.4U9DlgmpEjyRlH07F-FIV7kTqD2ji4Ai_1dU0akl4Wg
2026-05-25 12:22:25.077 [http-nio-8080-exec-6] INFO  com.longan.JWT.JwtTokenInterceptor - 获取到的Token：eyJhbGciOiJIUzI1NiJ9.eyJpZCI6MTAwMSwiaWF0IjoxNzc5NjgyOTQ0LCJleHAiOjE3Nzk2OTAxNDR9.4U9DlgmpEjyRlH07F-FIV7kTqD2ji4Ai_1dU0akl4Wg
2026-05-25 12:22:25.078 [http-nio-8080-exec-6] INFO  com.longan.JWT.JwtTokenInterceptor - JWT校验成功，用户ID：1001
2026-05-25 12:22:25.079 [http-nio-8080-exec-5] INFO  com.longan.JWT.JwtTokenInterceptor - JWT校验成功，用户ID：1001
2026-05-25 12:22:25.082 [http-nio-8080-exec-6] INFO  com.longan.JWT.JwtTokenInterceptor - 清除ThreadLocal中的用户ID
2026-05-25 12:22:25.162 [http-nio-8080-exec-5] INFO  com.longan.JWT.JwtTokenInterceptor - 清除ThreadLocal中的用户ID
2026-05-25 12:22:31.198 [http-nio-8080-exec-7] INFO  com.longan.JWT.JwtTokenInterceptor - 获取到的Token：eyJhbGciOiJIUzI1NiJ9.eyJpZCI6MTAwMSwiaWF0IjoxNzc5NjgyOTQ0LCJleHAiOjE3Nzk2OTAxNDR9.4U9DlgmpEjyRlH07F-FIV7kTqD2ji4Ai_1dU0akl4Wg
2026-05-25 12:22:31.199 [http-nio-8080-exec-7] INFO  com.longan.JWT.JwtTokenInterceptor - JWT校验成功，用户ID：1001
2026-05-25 12:22:31.278 [http-nio-8080-exec-7] INFO  com.longan.JWT.JwtTokenInterceptor - 清除ThreadLocal中的用户ID
2026-05-25 12:22:35.669 [http-nio-8080-exec-8] INFO  com.longan.JWT.JwtTokenInterceptor - 获取到的Token：eyJhbGciOiJIUzI1NiJ9.eyJpZCI6MTAwMSwiaWF0IjoxNzc5NjgyOTQ0LCJleHAiOjE3Nzk2OTAxNDR9.4U9DlgmpEjyRlH07F-FIV7kTqD2ji4Ai_1dU0akl4Wg
2026-05-25 12:22:35.672 [http-nio-8080-exec-8] INFO  com.longan.JWT.JwtTokenInterceptor - JWT校验成功，用户ID：1001
2026-05-25 12:22:35.675 [http-nio-8080-exec-8] INFO  com.longan.JWT.JwtTokenInterceptor - 清除ThreadLocal中的用户ID
2026-05-25 12:22:40.502 [http-nio-8080-exec-9] INFO  com.longan.JWT.JwtTokenInterceptor - 获取到的Token：eyJhbGciOiJIUzI1NiJ9.eyJpZCI6MTAwMSwiaWF0IjoxNzc5NjgyOTQ0LCJleHAiOjE3Nzk2OTAxNDR9.4U9DlgmpEjyRlH07F-FIV7kTqD2ji4Ai_1dU0akl4Wg
2026-05-25 12:22:40.503 [http-nio-8080-exec-9] INFO  com.longan.JWT.JwtTokenInterceptor - JWT校验成功，用户ID：1001
2026-05-25 12:22:40.511 [http-nio-8080-exec-9] INFO  com.longan.JWT.JwtTokenInterceptor - 清除ThreadLocal中的用户ID
2026-05-25 12:22:46.049 [http-nio-8080-exec-10] INFO  com.longan.JWT.JwtTokenInterceptor - 获取到的Token：eyJhbGciOiJIUzI1NiJ9.eyJpZCI6MTAwMSwiaWF0IjoxNzc5NjgyOTQ0LCJleHAiOjE3Nzk2OTAxNDR9.4U9DlgmpEjyRlH07F-FIV7kTqD2ji4Ai_1dU0akl4Wg
2026-05-25 12:22:46.051 [http-nio-8080-exec-10] INFO  com.longan.JWT.JwtTokenInterceptor - JWT校验成功，用户ID：1001
2026-05-25 12:22:46.061 [http-nio-8080-exec-10] INFO  com.longan.JWT.JwtTokenInterceptor - 清除ThreadLocal中的用户ID
2026-05-25 12:23:03.623 [http-nio-8080-exec-1] INFO  com.longan.JWT.JwtTokenInterceptor - 获取到的Token：eyJhbGciOiJIUzI1NiJ9.eyJpZCI6MTAwMSwiaWF0IjoxNzc5NjgyOTQ0LCJleHAiOjE3Nzk2OTAxNDR9.4U9DlgmpEjyRlH07F-FIV7kTqD2ji4Ai_1dU0akl4Wg
2026-05-25 12:23:03.623 [http-nio-8080-exec-2] INFO  com.longan.JWT.JwtTokenInterceptor - 获取到的Token：eyJhbGciOiJIUzI1NiJ9.eyJpZCI6MTAwMSwiaWF0IjoxNzc5NjgyOTQ0LCJleHAiOjE3Nzk2OTAxNDR9.4U9DlgmpEjyRlH07F-FIV7kTqD2ji4Ai_1dU0akl4Wg
2026-05-25 12:23:03.624 [http-nio-8080-exec-2] INFO  com.longan.JWT.JwtTokenInterceptor - JWT校验成功，用户ID：1001
2026-05-25 12:23:03.625 [http-nio-8080-exec-1] INFO  com.longan.JWT.JwtTokenInterceptor - JWT校验成功，用户ID：1001
2026-05-25 12:23:03.628 [http-nio-8080-exec-2] INFO  com.longan.JWT.JwtTokenInterceptor - 清除ThreadLocal中的用户ID
2026-05-25 12:23:03.634 [http-nio-8080-exec-1] INFO  com.longan.JWT.JwtTokenInterceptor - 清除ThreadLocal中的用户ID
2026-05-25 12:26:22.245 [http-nio-8080-exec-4] INFO  com.longan.JWT.JwtTokenInterceptor - 获取到的Token：eyJhbGciOiJIUzI1NiJ9.eyJpZCI6MTAwMSwiaWF0IjoxNzc5NjgyOTQ0LCJleHAiOjE3Nzk2OTAxNDR9.4U9DlgmpEjyRlH07F-FIV7kTqD2ji4Ai_1dU0akl4Wg
2026-05-25 12:26:22.245 [http-nio-8080-exec-3] INFO  com.longan.JWT.JwtTokenInterceptor - 获取到的Token：eyJhbGciOiJIUzI1NiJ9.eyJpZCI6MTAwMSwiaWF0IjoxNzc5NjgyOTQ0LCJleHAiOjE3Nzk2OTAxNDR9.4U9DlgmpEjyRlH07F-FIV7kTqD2ji4Ai_1dU0akl4Wg
2026-05-25 12:26:22.248 [http-nio-8080-exec-3] INFO  com.longan.JWT.JwtTokenInterceptor - JWT校验成功，用户ID：1001
2026-05-25 12:26:22.249 [http-nio-8080-exec-4] INFO  com.longan.JWT.JwtTokenInterceptor - JWT校验成功，用户ID：1001
2026-05-25 12:26:22.264 [http-nio-8080-exec-4] INFO  com.longan.JWT.JwtTokenInterceptor - 清除ThreadLocal中的用户ID
2026-05-25 12:26:22.274 [http-nio-8080-exec-3] INFO  com.longan.JWT.JwtTokenInterceptor - 清除ThreadLocal中的用户ID
2026-05-25 12:27:13.241 [http-nio-8080-exec-6] INFO  com.longan.JWT.JwtTokenInterceptor - 获取到的Token：eyJhbGciOiJIUzI1NiJ9.eyJpZCI6MTAwMSwiaWF0IjoxNzc5NjgyOTQ0LCJleHAiOjE3Nzk2OTAxNDR9.4U9DlgmpEjyRlH07F-FIV7kTqD2ji4Ai_1dU0akl4Wg
2026-05-25 12:27:13.241 [http-nio-8080-exec-5] INFO  com.longan.JWT.JwtTokenInterceptor - 获取到的Token：eyJhbGciOiJIUzI1NiJ9.eyJpZCI6MTAwMSwiaWF0IjoxNzc5NjgyOTQ0LCJleHAiOjE3Nzk2OTAxNDR9.4U9DlgmpEjyRlH07F-FIV7kTqD2ji4Ai_1dU0akl4Wg
2026-05-25 12:27:13.244 [http-nio-8080-exec-5] INFO  com.longan.JWT.JwtTokenInterceptor - JWT校验成功，用户ID：1001
2026-05-25 12:27:13.244 [http-nio-8080-exec-6] INFO  com.longan.JWT.JwtTokenInterceptor - JWT校验成功，用户ID：1001
2026-05-25 12:27:13.250 [http-nio-8080-exec-5] INFO  com.longan.JWT.JwtTokenInterceptor - 清除ThreadLocal中的用户ID
2026-05-25 12:27:13.255 [http-nio-8080-exec-6] INFO  com.longan.JWT.JwtTokenInterceptor - 清除ThreadLocal中的用户ID
2026-05-25 12:27:17.816 [http-nio-8080-exec-8] INFO  com.longan.JWT.JwtTokenInterceptor - 获取到的Token：eyJhbGciOiJIUzI1NiJ9.eyJpZCI6MTAwMSwiaWF0IjoxNzc5NjgyOTQ0LCJleHAiOjE3Nzk2OTAxNDR9.4U9DlgmpEjyRlH07F-FIV7kTqD2ji4Ai_1dU0akl4Wg
2026-05-25 12:27:17.816 [http-nio-8080-exec-7] INFO  com.longan.JWT.JwtTokenInterceptor - 获取到的Token：eyJhbGciOiJIUzI1NiJ9.eyJpZCI6MTAwMSwiaWF0IjoxNzc5NjgyOTQ0LCJleHAiOjE3Nzk2OTAxNDR9.4U9DlgmpEjyRlH07F-FIV7kTqD2ji4Ai_1dU0akl4Wg
2026-05-25 12:27:17.818 [http-nio-8080-exec-8] INFO  com.longan.JWT.JwtTokenInterceptor - JWT校验成功，用户ID：1001
2026-05-25 12:27:17.818 [http-nio-8080-exec-7] INFO  com.longan.JWT.JwtTokenInterceptor - JWT校验成功，用户ID：1001
2026-05-25 12:27:17.821 [http-nio-8080-exec-8] INFO  com.longan.JWT.JwtTokenInterceptor - 清除ThreadLocal中的用户ID
2026-05-25 12:27:17.825 [http-nio-8080-exec-7] INFO  com.longan.JWT.JwtTokenInterceptor - 清除ThreadLocal中的用户ID
2026-05-25 12:35:48.277 [SpringApplicationShutdownHook] INFO  com.zaxxer.hikari.HikariDataSource - HikariPool-1 - Shutdown initiated...
2026-05-25 12:35:48.282 [SpringApplicationShutdownHook] INFO  com.zaxxer.hikari.HikariDataSource - HikariPool-1 - Shutdown completed.
2026-05-25 12:38:14.333 [main] INFO  com.longan.LonganApexApplication - Starting LonganApexApplication using Java 17.0.10 with PID 72104 (/mnt/data/Projects/test/longan-apex/longan_apex/target/classes started by fedora in /mnt/data/Projects/test/longan-apex/longan_apex)
2026-05-25 12:38:14.335 [main] DEBUG com.longan.LonganApexApplication - Running with Spring Boot v3.5.3, Spring v6.2.8
2026-05-25 12:38:14.336 [main] INFO  com.longan.LonganApexApplication - No active profile set, falling back to 1 default profile: "default"
2026-05-25 12:38:15.177 [main] INFO  org.apache.coyote.http11.Http11NioProtocol - Initializing ProtocolHandler ["http-nio-8080"]
2026-05-25 12:38:15.178 [main] INFO  org.apache.catalina.core.StandardService - Starting service [Tomcat]
2026-05-25 12:38:15.178 [main] INFO  org.apache.catalina.core.StandardEngine - Starting Servlet engine: [Apache Tomcat/10.1.42]
2026-05-25 12:38:15.225 [main] INFO  o.a.c.core.ContainerBase.[Tomcat].[localhost].[/] - Initializing Spring embedded WebApplicationContext
2026-05-25 12:38:15.986 [main] INFO  com.longan.config.WebMvcConfiguration - 开始注册自定义拦截器...
2026-05-25 12:38:16.339 [main] INFO  org.apache.coyote.http11.Http11NioProtocol - Starting ProtocolHandler ["http-nio-8080"]
2026-05-25 12:38:16.363 [main] INFO  com.longan.LonganApexApplication - Started LonganApexApplication in 2.425 seconds (process running for 3.037)
2026-05-25 12:38:16.368 [main] INFO  com.longan.LonganApexApplication - 启动成功
2026-05-25 12:38:19.522 [http-nio-8080-exec-1] INFO  o.a.c.core.ContainerBase.[Tomcat].[localhost].[/] - Initializing Spring DispatcherServlet 'dispatcherServlet'
2026-05-25 12:38:19.546 [http-nio-8080-exec-1] INFO  com.longan.JWT.JwtTokenInterceptor - 获取到的Token：eyJhbGciOiJIUzI1NiJ9.eyJpZCI6MTAwMSwiaWF0IjoxNzc5NjgyOTQ0LCJleHAiOjE3Nzk2OTAxNDR9.4U9DlgmpEjyRlH07F-FIV7kTqD2ji4Ai_1dU0akl4Wg
2026-05-25 12:38:19.546 [http-nio-8080-exec-2] INFO  com.longan.JWT.JwtTokenInterceptor - 获取到的Token：eyJhbGciOiJIUzI1NiJ9.eyJpZCI6MTAwMSwiaWF0IjoxNzc5NjgyOTQ0LCJleHAiOjE3Nzk2OTAxNDR9.4U9DlgmpEjyRlH07F-FIV7kTqD2ji4Ai_1dU0akl4Wg
2026-05-25 12:38:19.611 [http-nio-8080-exec-2] INFO  com.longan.JWT.JwtTokenInterceptor - JWT校验成功，用户ID：1001
2026-05-25 12:38:19.611 [http-nio-8080-exec-1] INFO  com.longan.JWT.JwtTokenInterceptor - JWT校验成功，用户ID：1001
2026-05-25 12:38:49.521 [http-nio-8080-exec-2] INFO  com.zaxxer.hikari.HikariDataSource - HikariPool-1 - Starting...
2026-05-25 12:39:08.554 [http-nio-8080-exec-2] INFO  com.zaxxer.hikari.pool.HikariPool - HikariPool-1 - Added connection com.mysql.cj.jdbc.ConnectionImpl@2a2f7b96
2026-05-25 12:39:08.556 [http-nio-8080-exec-2] INFO  com.zaxxer.hikari.HikariDataSource - HikariPool-1 - Start completed.
2026-05-25 12:39:08.670 [http-nio-8080-exec-2] INFO  com.longan.JWT.JwtTokenInterceptor - 清除ThreadLocal中的用户ID
2026-05-25 12:39:24.549 [http-nio-8080-exec-1] INFO  com.longan.JWT.JwtTokenInterceptor - 清除ThreadLocal中的用户ID
2026-05-25 12:40:05.687 [SpringApplicationShutdownHook] INFO  com.zaxxer.hikari.HikariDataSource - HikariPool-1 - Shutdown initiated...
2026-05-25 12:40:05.691 [SpringApplicationShutdownHook] INFO  com.zaxxer.hikari.HikariDataSource - HikariPool-1 - Shutdown completed.
2026-05-25 12:40:32.718 [main] INFO  com.longan.LonganApexApplication - Starting LonganApexApplication using Java 17.0.10 with PID 74061 (/mnt/data/Projects/test/longan-apex/longan_apex/target/classes started by fedora in /mnt/data/Projects/test/longan-apex/longan_apex)
2026-05-25 12:40:32.719 [main] DEBUG com.longan.LonganApexApplication - Running with Spring Boot v3.5.3, Spring v6.2.8
2026-05-25 12:40:32.719 [main] INFO  com.longan.LonganApexApplication - No active profile set, falling back to 1 default profile: "default"
2026-05-25 12:40:33.548 [main] INFO  org.apache.coyote.http11.Http11NioProtocol - Initializing ProtocolHandler ["http-nio-8080"]
2026-05-25 12:40:33.549 [main] INFO  org.apache.catalina.core.StandardService - Starting service [Tomcat]
2026-05-25 12:40:33.549 [main] INFO  org.apache.catalina.core.StandardEngine - Starting Servlet engine: [Apache Tomcat/10.1.42]
2026-05-25 12:40:33.583 [main] INFO  o.a.c.core.ContainerBase.[Tomcat].[localhost].[/] - Initializing Spring embedded WebApplicationContext
2026-05-25 12:40:34.210 [main] INFO  com.longan.config.WebMvcConfiguration - 开始注册自定义拦截器...
2026-05-25 12:40:34.550 [main] INFO  org.apache.coyote.http11.Http11NioProtocol - Starting ProtocolHandler ["http-nio-8080"]
2026-05-25 12:40:34.563 [main] INFO  com.longan.LonganApexApplication - Started LonganApexApplication in 2.268 seconds (process running for 2.687)
2026-05-25 12:40:34.566 [main] INFO  com.longan.LonganApexApplication - 启动成功
2026-05-25 12:40:36.944 [http-nio-8080-exec-2] INFO  o.a.c.core.ContainerBase.[Tomcat].[localhost].[/] - Initializing Spring DispatcherServlet 'dispatcherServlet'
2026-05-25 12:40:36.974 [http-nio-8080-exec-2] INFO  com.longan.JWT.JwtTokenInterceptor - 获取到的Token：null
2026-05-25 12:40:36.974 [http-nio-8080-exec-1] INFO  com.longan.JWT.JwtTokenInterceptor - 获取到的Token：null
2026-05-25 12:40:37.020 [http-nio-8080-exec-1] ERROR com.longan.JWT.JwtTokenInterceptor - JWT校验失败
java.lang.IllegalArgumentException: JWT String argument cannot be null or empty.
	at io.jsonwebtoken.lang.Assert.hasText(Assert.java:132)
	at io.jsonwebtoken.impl.DefaultJwtParser.parse(DefaultJwtParser.java:527)
	at io.jsonwebtoken.impl.DefaultJwtParser.parseClaimsJws(DefaultJwtParser.java:589)
	at io.jsonwebtoken.impl.ImmutableJwtParser.parseClaimsJws(ImmutableJwtParser.java:173)
	at com.longan.JWT.JwtUtil.parseJWT(JwtUtil.java:44)
	at com.longan.JWT.JwtTokenInterceptor.preHandle(JwtTokenInterceptor.java:40)
	at org.springframework.web.servlet.HandlerExecutionChain.applyPreHandle(HandlerExecutionChain.java:146)
	at org.springframework.web.servlet.DispatcherServlet.doDispatch(DispatcherServlet.java:1084)
	at org.springframework.web.servlet.DispatcherServlet.doService(DispatcherServlet.java:979)
	at org.springframework.web.servlet.FrameworkServlet.processRequest(FrameworkServlet.java:1014)
	at org.springframework.web.servlet.FrameworkServlet.doGet(FrameworkServlet.java:903)
	at jakarta.servlet.http.HttpServlet.service(HttpServlet.java:564)
	at org.springframework.web.servlet.FrameworkServlet.service(FrameworkServlet.java:885)
	at jakarta.servlet.http.HttpServlet.service(HttpServlet.java:658)
	at org.apache.catalina.core.ApplicationFilterChain.internalDoFilter(ApplicationFilterChain.java:195)
	at org.apache.catalina.core.ApplicationFilterChain.doFilter(ApplicationFilterChain.java:140)
	at org.apache.tomcat.websocket.server.WsFilter.doFilter(WsFilter.java:51)
	at org.apache.catalina.core.ApplicationFilterChain.internalDoFilter(ApplicationFilterChain.java:164)
	at org.apache.catalina.core.ApplicationFilterChain.doFilter(ApplicationFilterChain.java:140)
	at org.springframework.web.filter.RequestContextFilter.doFilterInternal(RequestContextFilter.java:100)
	at org.springframework.web.filter.OncePerRequestFilter.doFilter(OncePerRequestFilter.java:116)
	at org.apache.catalina.core.ApplicationFilterChain.internalDoFilter(ApplicationFilterChain.java:164)
	at org.apache.catalina.core.ApplicationFilterChain.doFilter(ApplicationFilterChain.java:140)
	at org.springframework.web.filter.FormContentFilter.doFilterInternal(FormContentFilter.java:93)
	at org.springframework.web.filter.OncePerRequestFilter.doFilter(OncePerRequestFilter.java:116)
	at org.apache.catalina.core.ApplicationFilterChain.internalDoFilter(ApplicationFilterChain.java:164)
	at org.apache.catalina.core.ApplicationFilterChain.doFilter(ApplicationFilterChain.java:140)
	at org.springframework.web.filter.CharacterEncodingFilter.doFilterInternal(CharacterEncodingFilter.java:201)
	at org.springframework.web.filter.OncePerRequestFilter.doFilter(OncePerRequestFilter.java:116)
	at org.apache.catalina.core.ApplicationFilterChain.internalDoFilter(ApplicationFilterChain.java:164)
	at org.apache.catalina.core.ApplicationFilterChain.doFilter(ApplicationFilterChain.java:140)
	at org.apache.catalina.core.StandardWrapperValve.invoke(StandardWrapperValve.java:167)
	at org.apache.catalina.core.StandardContextValve.invoke(StandardContextValve.java:90)
	at org.apache.catalina.authenticator.AuthenticatorBase.invoke(AuthenticatorBase.java:483)
	at org.apache.catalina.core.StandardHostValve.invoke(StandardHostValve.java:116)
	at org.apache.catalina.valves.ErrorReportValve.invoke(ErrorReportValve.java:93)
	at org.apache.catalina.core.StandardEngineValve.invoke(StandardEngineValve.java:74)
	at org.apache.catalina.connector.CoyoteAdapter.service(CoyoteAdapter.java:344)
	at org.apache.coyote.http11.Http11Processor.service(Http11Processor.java:398)
	at org.apache.coyote.AbstractProcessorLight.process(AbstractProcessorLight.java:63)
	at org.apache.coyote.AbstractProtocol$ConnectionHandler.process(AbstractProtocol.java:903)
	at org.apache.tomcat.util.net.NioEndpoint$SocketProcessor.doRun(NioEndpoint.java:1769)
	at org.apache.tomcat.util.net.SocketProcessorBase.run(SocketProcessorBase.java:52)
	at org.apache.tomcat.util.threads.ThreadPoolExecutor.runWorker(ThreadPoolExecutor.java:1189)
	at org.apache.tomcat.util.threads.ThreadPoolExecutor$Worker.run(ThreadPoolExecutor.java:658)
	at org.apache.tomcat.util.threads.TaskThread$WrappingRunnable.run(TaskThread.java:63)
	at java.base/java.lang.Thread.run(Thread.java:840)
2026-05-25 12:40:37.020 [http-nio-8080-exec-2] ERROR com.longan.JWT.JwtTokenInterceptor - JWT校验失败
java.lang.IllegalArgumentException: JWT String argument cannot be null or empty.
	at io.jsonwebtoken.lang.Assert.hasText(Assert.java:132)
	at io.jsonwebtoken.impl.DefaultJwtParser.parse(DefaultJwtParser.java:527)
	at io.jsonwebtoken.impl.DefaultJwtParser.parseClaimsJws(DefaultJwtParser.java:589)
	at io.jsonwebtoken.impl.ImmutableJwtParser.parseClaimsJws(ImmutableJwtParser.java:173)
	at com.longan.JWT.JwtUtil.parseJWT(JwtUtil.java:44)
	at com.longan.JWT.JwtTokenInterceptor.preHandle(JwtTokenInterceptor.java:40)
	at org.springframework.web.servlet.HandlerExecutionChain.applyPreHandle(HandlerExecutionChain.java:146)
	at org.springframework.web.servlet.DispatcherServlet.doDispatch(DispatcherServlet.java:1084)
	at org.springframework.web.servlet.DispatcherServlet.doService(DispatcherServlet.java:979)
	at org.springframework.web.servlet.FrameworkServlet.processRequest(FrameworkServlet.java:1014)
	at org.springframework.web.servlet.FrameworkServlet.doGet(FrameworkServlet.java:903)
	at jakarta.servlet.http.HttpServlet.service(HttpServlet.java:564)
	at org.springframework.web.servlet.FrameworkServlet.service(FrameworkServlet.java:885)
	at jakarta.servlet.http.HttpServlet.service(HttpServlet.java:658)
	at org.apache.catalina.core.ApplicationFilterChain.internalDoFilter(ApplicationFilterChain.java:195)
	at org.apache.catalina.core.ApplicationFilterChain.doFilter(ApplicationFilterChain.java:140)
	at org.apache.tomcat.websocket.server.WsFilter.doFilter(WsFilter.java:51)
	at org.apache.catalina.core.ApplicationFilterChain.internalDoFilter(ApplicationFilterChain.java:164)
	at org.apache.catalina.core.ApplicationFilterChain.doFilter(ApplicationFilterChain.java:140)
	at org.springframework.web.filter.RequestContextFilter.doFilterInternal(RequestContextFilter.java:100)
	at org.springframework.web.filter.OncePerRequestFilter.doFilter(OncePerRequestFilter.java:116)
	at org.apache.catalina.core.ApplicationFilterChain.internalDoFilter(ApplicationFilterChain.java:164)
	at org.apache.catalina.core.ApplicationFilterChain.doFilter(ApplicationFilterChain.java:140)
	at org.springframework.web.filter.FormContentFilter.doFilterInternal(FormContentFilter.java:93)
	at org.springframework.web.filter.OncePerRequestFilter.doFilter(OncePerRequestFilter.java:116)
	at org.apache.catalina.core.ApplicationFilterChain.internalDoFilter(ApplicationFilterChain.java:164)
	at org.apache.catalina.core.ApplicationFilterChain.doFilter(ApplicationFilterChain.java:140)
	at org.springframework.web.filter.CharacterEncodingFilter.doFilterInternal(CharacterEncodingFilter.java:201)
	at org.springframework.web.filter.OncePerRequestFilter.doFilter(OncePerRequestFilter.java:116)
	at org.apache.catalina.core.ApplicationFilterChain.internalDoFilter(ApplicationFilterChain.java:164)
	at org.apache.catalina.core.ApplicationFilterChain.doFilter(ApplicationFilterChain.java:140)
	at org.apache.catalina.core.StandardWrapperValve.invoke(StandardWrapperValve.java:167)
	at org.apache.catalina.core.StandardContextValve.invoke(StandardContextValve.java:90)
	at org.apache.catalina.authenticator.AuthenticatorBase.invoke(AuthenticatorBase.java:483)
	at org.apache.catalina.core.StandardHostValve.invoke(StandardHostValve.java:116)
	at org.apache.catalina.valves.ErrorReportValve.invoke(ErrorReportValve.java:93)
	at org.apache.catalina.core.StandardEngineValve.invoke(StandardEngineValve.java:74)
	at org.apache.catalina.connector.CoyoteAdapter.service(CoyoteAdapter.java:344)
	at org.apache.coyote.http11.Http11Processor.service(Http11Processor.java:398)
	at org.apache.coyote.AbstractProcessorLight.process(AbstractProcessorLight.java:63)
	at org.apache.coyote.AbstractProtocol$ConnectionHandler.process(AbstractProtocol.java:903)
	at org.apache.tomcat.util.net.NioEndpoint$SocketProcessor.doRun(NioEndpoint.java:1769)
	at org.apache.tomcat.util.net.SocketProcessorBase.run(SocketProcessorBase.java:52)
	at org.apache.tomcat.util.threads.ThreadPoolExecutor.runWorker(ThreadPoolExecutor.java:1189)
	at org.apache.tomcat.util.threads.ThreadPoolExecutor$Worker.run(ThreadPoolExecutor.java:658)
	at org.apache.tomcat.util.threads.TaskThread$WrappingRunnable.run(TaskThread.java:63)
	at java.base/java.lang.Thread.run(Thread.java:840)
2026-05-25 12:40:44.758 [http-nio-8080-exec-3] INFO  com.longan.user.controller.UserController - 登录：LoginDTO(email=123456789, password=000000)
2026-05-25 12:40:44.763 [http-nio-8080-exec-3] INFO  com.longan.user.service.impl.UserServiceImpl - 执行用户查询，条件：(email = #{ew.paramNameValuePairs.MPGENVAL1})
2026-05-25 12:40:44.821 [http-nio-8080-exec-3] INFO  com.zaxxer.hikari.HikariDataSource - HikariPool-1 - Starting...
2026-05-25 12:40:44.926 [http-nio-8080-exec-3] INFO  com.zaxxer.hikari.pool.HikariPool - HikariPool-1 - Added connection com.mysql.cj.jdbc.ConnectionImpl@5728b87d
2026-05-25 12:40:44.927 [http-nio-8080-exec-3] INFO  com.zaxxer.hikari.HikariDataSource - HikariPool-1 - Start completed.
2026-05-25 12:40:44.962 [http-nio-8080-exec-3] INFO  com.longan.user.service.impl.UserServiceImpl - 用户登录成功，用户名：123456789
2026-05-25 12:40:45.003 [http-nio-8080-exec-4] INFO  com.longan.JWT.JwtTokenInterceptor - 获取到的Token：eyJhbGciOiJIUzI1NiJ9.eyJpZCI6MTAwMSwiaWF0IjoxNzc5Njg0MDQ0LCJleHAiOjE3Nzk2OTEyNDR9.vhTHxx2YyqrgiYV_evScpTLTEeT_2KHqdoI_YP7OdFY
2026-05-25 12:40:45.018 [http-nio-8080-exec-4] INFO  com.longan.JWT.JwtTokenInterceptor - JWT校验成功，用户ID：1001
2026-05-25 12:40:45.026 [http-nio-8080-exec-4] INFO  com.longan.JWT.JwtTokenInterceptor - 清除ThreadLocal中的用户ID
2026-05-25 12:40:45.060 [http-nio-8080-exec-6] INFO  com.longan.JWT.JwtTokenInterceptor - 获取到的Token：eyJhbGciOiJIUzI1NiJ9.eyJpZCI6MTAwMSwiaWF0IjoxNzc5Njg0MDQ0LCJleHAiOjE3Nzk2OTEyNDR9.vhTHxx2YyqrgiYV_evScpTLTEeT_2KHqdoI_YP7OdFY
2026-05-25 12:40:45.060 [http-nio-8080-exec-5] INFO  com.longan.JWT.JwtTokenInterceptor - 获取到的Token：eyJhbGciOiJIUzI1NiJ9.eyJpZCI6MTAwMSwiaWF0IjoxNzc5Njg0MDQ0LCJleHAiOjE3Nzk2OTEyNDR9.vhTHxx2YyqrgiYV_evScpTLTEeT_2KHqdoI_YP7OdFY
2026-05-25 12:40:45.062 [http-nio-8080-exec-5] INFO  com.longan.JWT.JwtTokenInterceptor - JWT校验成功，用户ID：1001
2026-05-25 12:40:45.062 [http-nio-8080-exec-6] INFO  com.longan.JWT.JwtTokenInterceptor - JWT校验成功，用户ID：1001
2026-05-25 12:40:45.068 [http-nio-8080-exec-5] INFO  com.longan.JWT.JwtTokenInterceptor - 清除ThreadLocal中的用户ID
2026-05-25 12:40:51.817 [http-nio-8080-exec-6] INFO  com.longan.JWT.JwtTokenInterceptor - 清除ThreadLocal中的用户ID
2026-05-25 12:41:22.877 [http-nio-8080-exec-7] INFO  com.longan.JWT.JwtTokenInterceptor - 获取到的Token：eyJhbGciOiJIUzI1NiJ9.eyJpZCI6MTAwMSwiaWF0IjoxNzc5Njg0MDQ0LCJleHAiOjE3Nzk2OTEyNDR9.vhTHxx2YyqrgiYV_evScpTLTEeT_2KHqdoI_YP7OdFY
2026-05-25 12:41:22.879 [http-nio-8080-exec-7] INFO  com.longan.JWT.JwtTokenInterceptor - JWT校验成功，用户ID：1001
2026-05-25 12:41:22.888 [http-nio-8080-exec-7] INFO  com.longan.JWT.JwtTokenInterceptor - 清除ThreadLocal中的用户ID
2026-05-25 12:41:24.940 [http-nio-8080-exec-8] INFO  com.longan.JWT.JwtTokenInterceptor - 获取到的Token：eyJhbGciOiJIUzI1NiJ9.eyJpZCI6MTAwMSwiaWF0IjoxNzc5Njg0MDQ0LCJleHAiOjE3Nzk2OTEyNDR9.vhTHxx2YyqrgiYV_evScpTLTEeT_2KHqdoI_YP7OdFY
2026-05-25 12:41:24.941 [http-nio-8080-exec-8] INFO  com.longan.JWT.JwtTokenInterceptor - JWT校验成功，用户ID：1001
2026-05-25 12:41:24.945 [http-nio-8080-exec-8] INFO  com.longan.JWT.JwtTokenInterceptor - 清除ThreadLocal中的用户ID
2026-05-25 12:41:26.163 [http-nio-8080-exec-9] INFO  com.longan.JWT.JwtTokenInterceptor - 获取到的Token：eyJhbGciOiJIUzI1NiJ9.eyJpZCI6MTAwMSwiaWF0IjoxNzc5Njg0MDQ0LCJleHAiOjE3Nzk2OTEyNDR9.vhTHxx2YyqrgiYV_evScpTLTEeT_2KHqdoI_YP7OdFY
2026-05-25 12:41:26.165 [http-nio-8080-exec-9] INFO  com.longan.JWT.JwtTokenInterceptor - JWT校验成功，用户ID：1001
2026-05-25 12:47:16.378 [HikariPool-1:housekeeper] WARN  com.zaxxer.hikari.pool.HikariPool - HikariPool-1 - Thread starvation or clock leap detected (housekeeper delta=6m1s349ms768µs118ns).
2026-05-25 12:47:16.391 [http-nio-8080-exec-9] INFO  com.longan.JWT.JwtTokenInterceptor - 清除ThreadLocal中的用户ID
2026-05-25 12:47:16.408 [SpringApplicationShutdownHook] INFO  com.zaxxer.hikari.HikariDataSource - HikariPool-1 - Shutdown initiated...
2026-05-25 12:47:16.413 [SpringApplicationShutdownHook] INFO  com.zaxxer.hikari.HikariDataSource - HikariPool-1 - Shutdown completed.
2026-05-25 12:47:17.975 [main] INFO  com.longan.LonganApexApplication - Starting LonganApexApplication using Java 17.0.10 with PID 79044 (/mnt/data/Projects/test/longan-apex/longan_apex/target/classes started by fedora in /mnt/data/Projects/test/longan-apex/longan_apex)
2026-05-25 12:47:17.976 [main] DEBUG com.longan.LonganApexApplication - Running with Spring Boot v3.5.3, Spring v6.2.8
2026-05-25 12:47:17.977 [main] INFO  com.longan.LonganApexApplication - No active profile set, falling back to 1 default profile: "default"
2026-05-25 12:47:18.778 [main] INFO  org.apache.coyote.http11.Http11NioProtocol - Initializing ProtocolHandler ["http-nio-8080"]
2026-05-25 12:47:18.779 [main] INFO  org.apache.catalina.core.StandardService - Starting service [Tomcat]
2026-05-25 12:47:18.780 [main] INFO  org.apache.catalina.core.StandardEngine - Starting Servlet engine: [Apache Tomcat/10.1.42]
2026-05-25 12:47:18.815 [main] INFO  o.a.c.core.ContainerBase.[Tomcat].[localhost].[/] - Initializing Spring embedded WebApplicationContext
2026-05-25 12:47:19.396 [main] INFO  com.longan.config.WebMvcConfiguration - 开始注册自定义拦截器...
2026-05-25 12:47:19.733 [main] INFO  org.apache.coyote.http11.Http11NioProtocol - Starting ProtocolHandler ["http-nio-8080"]
2026-05-25 12:47:19.749 [main] INFO  com.longan.LonganApexApplication - Started LonganApexApplication in 2.284 seconds (process running for 2.66)
2026-05-25 12:47:19.753 [main] INFO  com.longan.LonganApexApplication - 启动成功
2026-05-25 12:47:26.728 [http-nio-8080-exec-1] INFO  o.a.c.core.ContainerBase.[Tomcat].[localhost].[/] - Initializing Spring DispatcherServlet 'dispatcherServlet'
2026-05-25 12:47:26.745 [http-nio-8080-exec-1] INFO  com.longan.JWT.JwtTokenInterceptor - 获取到的Token：eyJhbGciOiJIUzI1NiJ9.eyJpZCI6MTAwMSwiaWF0IjoxNzc5Njg0MDQ0LCJleHAiOjE3Nzk2OTEyNDR9.vhTHxx2YyqrgiYV_evScpTLTEeT_2KHqdoI_YP7OdFY
2026-05-25 12:47:26.810 [http-nio-8080-exec-1] INFO  com.longan.JWT.JwtTokenInterceptor - JWT校验成功，用户ID：1001
2026-05-25 12:47:26.968 [http-nio-8080-exec-1] INFO  com.zaxxer.hikari.HikariDataSource - HikariPool-1 - Starting...
2026-05-25 12:47:27.081 [http-nio-8080-exec-1] INFO  com.zaxxer.hikari.pool.HikariPool - HikariPool-1 - Added connection com.mysql.cj.jdbc.ConnectionImpl@73e4fe65
2026-05-25 12:47:27.082 [http-nio-8080-exec-1] INFO  com.zaxxer.hikari.HikariDataSource - HikariPool-1 - Start completed.
2026-05-25 12:47:27.183 [http-nio-8080-exec-1] INFO  com.longan.JWT.JwtTokenInterceptor - 清除ThreadLocal中的用户ID
2026-05-25 12:47:49.838 [http-nio-8080-exec-2] INFO  com.longan.JWT.JwtTokenInterceptor - 获取到的Token：eyJhbGciOiJIUzI1NiJ9.eyJpZCI6MTAwMSwiaWF0IjoxNzc5Njg0MDQ0LCJleHAiOjE3Nzk2OTEyNDR9.vhTHxx2YyqrgiYV_evScpTLTEeT_2KHqdoI_YP7OdFY
2026-05-25 12:47:49.838 [http-nio-8080-exec-3] INFO  com.longan.JWT.JwtTokenInterceptor - 获取到的Token：eyJhbGciOiJIUzI1NiJ9.eyJpZCI6MTAwMSwiaWF0IjoxNzc5Njg0MDQ0LCJleHAiOjE3Nzk2OTEyNDR9.vhTHxx2YyqrgiYV_evScpTLTEeT_2KHqdoI_YP7OdFY
2026-05-25 12:47:49.840 [http-nio-8080-exec-2] INFO  com.longan.JWT.JwtTokenInterceptor - JWT校验成功，用户ID：1001
2026-05-25 12:47:49.840 [http-nio-8080-exec-3] INFO  com.longan.JWT.JwtTokenInterceptor - JWT校验成功，用户ID：1001
2026-05-25 12:47:49.852 [http-nio-8080-exec-2] INFO  com.longan.JWT.JwtTokenInterceptor - 清除ThreadLocal中的用户ID
2026-05-25 12:47:49.860 [http-nio-8080-exec-3] INFO  com.longan.JWT.JwtTokenInterceptor - 清除ThreadLocal中的用户ID
2026-05-25 12:49:19.602 [SpringApplicationShutdownHook] INFO  com.zaxxer.hikari.HikariDataSource - HikariPool-1 - Shutdown initiated...
2026-05-25 12:49:19.607 [SpringApplicationShutdownHook] INFO  com.zaxxer.hikari.HikariDataSource - HikariPool-1 - Shutdown completed.
2026-05-25 12:49:51.798 [main] INFO  com.longan.LonganApexApplication - Starting LonganApexApplication using Java 17.0.10 with PID 81194 (/mnt/data/Projects/test/longan-apex/longan_apex/target/classes started by fedora in /mnt/data/Projects/test/longan-apex/longan_apex)
2026-05-25 12:49:51.799 [main] DEBUG com.longan.LonganApexApplication - Running with Spring Boot v3.5.3, Spring v6.2.8
2026-05-25 12:49:51.799 [main] INFO  com.longan.LonganApexApplication - No active profile set, falling back to 1 default profile: "default"
2026-05-25 12:49:52.598 [main] INFO  org.apache.coyote.http11.Http11NioProtocol - Initializing ProtocolHandler ["http-nio-8080"]
2026-05-25 12:49:52.599 [main] INFO  org.apache.catalina.core.StandardService - Starting service [Tomcat]
2026-05-25 12:49:52.599 [main] INFO  org.apache.catalina.core.StandardEngine - Starting Servlet engine: [Apache Tomcat/10.1.42]
2026-05-25 12:49:52.635 [main] INFO  o.a.c.core.ContainerBase.[Tomcat].[localhost].[/] - Initializing Spring embedded WebApplicationContext
2026-05-25 12:49:53.235 [main] INFO  com.longan.config.WebMvcConfiguration - 开始注册自定义拦截器...
2026-05-25 12:49:53.528 [main] INFO  org.apache.coyote.http11.Http11NioProtocol - Starting ProtocolHandler ["http-nio-8080"]
2026-05-25 12:49:53.553 [main] INFO  com.longan.LonganApexApplication - Started LonganApexApplication in 2.173 seconds (process running for 2.592)
2026-05-25 12:49:53.558 [main] INFO  com.longan.LonganApexApplication - 启动成功
2026-05-25 12:49:55.573 [http-nio-8080-exec-2] INFO  o.a.c.core.ContainerBase.[Tomcat].[localhost].[/] - Initializing Spring DispatcherServlet 'dispatcherServlet'
2026-05-25 12:49:55.597 [http-nio-8080-exec-1] INFO  com.longan.JWT.JwtTokenInterceptor - 获取到的Token：eyJhbGciOiJIUzI1NiJ9.eyJpZCI6MTAwMSwiaWF0IjoxNzc5Njg0MDQ0LCJleHAiOjE3Nzk2OTEyNDR9.vhTHxx2YyqrgiYV_evScpTLTEeT_2KHqdoI_YP7OdFY
2026-05-25 12:49:55.597 [http-nio-8080-exec-2] INFO  com.longan.JWT.JwtTokenInterceptor - 获取到的Token：eyJhbGciOiJIUzI1NiJ9.eyJpZCI6MTAwMSwiaWF0IjoxNzc5Njg0MDQ0LCJleHAiOjE3Nzk2OTEyNDR9.vhTHxx2YyqrgiYV_evScpTLTEeT_2KHqdoI_YP7OdFY
2026-05-25 12:49:55.696 [http-nio-8080-exec-1] INFO  com.longan.JWT.JwtTokenInterceptor - JWT校验成功，用户ID：1001
2026-05-25 12:49:55.696 [http-nio-8080-exec-2] INFO  com.longan.JWT.JwtTokenInterceptor - JWT校验成功，用户ID：1001
2026-05-25 12:49:55.731 [http-nio-8080-exec-2] INFO  com.zaxxer.hikari.HikariDataSource - HikariPool-1 - Starting...
2026-05-25 12:49:55.907 [http-nio-8080-exec-2] INFO  com.zaxxer.hikari.pool.HikariPool - HikariPool-1 - Added connection com.mysql.cj.jdbc.ConnectionImpl@2d1c6ca4
2026-05-25 12:49:55.909 [http-nio-8080-exec-2] INFO  com.zaxxer.hikari.HikariDataSource - HikariPool-1 - Start completed.
2026-05-25 12:49:55.999 [http-nio-8080-exec-1] INFO  com.longan.JWT.JwtTokenInterceptor - 清除ThreadLocal中的用户ID
2026-05-25 12:49:55.999 [http-nio-8080-exec-2] INFO  com.longan.JWT.JwtTokenInterceptor - 清除ThreadLocal中的用户ID
2026-05-25 12:50:01.207 [http-nio-8080-exec-3] INFO  com.longan.JWT.JwtTokenInterceptor - 获取到的Token：eyJhbGciOiJIUzI1NiJ9.eyJpZCI6MTAwMSwiaWF0IjoxNzc5Njg0MDQ0LCJleHAiOjE3Nzk2OTEyNDR9.vhTHxx2YyqrgiYV_evScpTLTEeT_2KHqdoI_YP7OdFY
2026-05-25 12:50:01.210 [http-nio-8080-exec-3] INFO  com.longan.JWT.JwtTokenInterceptor - JWT校验成功，用户ID：1001
2026-05-25 12:50:01.215 [http-nio-8080-exec-3] INFO  com.longan.JWT.JwtTokenInterceptor - 清除ThreadLocal中的用户ID
2026-05-25 12:50:04.537 [http-nio-8080-exec-4] INFO  com.longan.JWT.JwtTokenInterceptor - 获取到的Token：eyJhbGciOiJIUzI1NiJ9.eyJpZCI6MTAwMSwiaWF0IjoxNzc5Njg0MDQ0LCJleHAiOjE3Nzk2OTEyNDR9.vhTHxx2YyqrgiYV_evScpTLTEeT_2KHqdoI_YP7OdFY
2026-05-25 12:50:04.539 [http-nio-8080-exec-4] INFO  com.longan.JWT.JwtTokenInterceptor - JWT校验成功，用户ID：1001
2026-05-25 12:50:04.543 [http-nio-8080-exec-4] INFO  com.longan.JWT.JwtTokenInterceptor - 清除ThreadLocal中的用户ID
2026-05-25 12:50:06.257 [http-nio-8080-exec-5] INFO  com.longan.JWT.JwtTokenInterceptor - 获取到的Token：eyJhbGciOiJIUzI1NiJ9.eyJpZCI6MTAwMSwiaWF0IjoxNzc5Njg0MDQ0LCJleHAiOjE3Nzk2OTEyNDR9.vhTHxx2YyqrgiYV_evScpTLTEeT_2KHqdoI_YP7OdFY
2026-05-25 12:50:06.260 [http-nio-8080-exec-5] INFO  com.longan.JWT.JwtTokenInterceptor - JWT校验成功，用户ID：1001
2026-05-25 12:50:06.280 [http-nio-8080-exec-5] INFO  com.longan.JWT.JwtTokenInterceptor - 清除ThreadLocal中的用户ID
2026-05-25 12:50:22.009 [http-nio-8080-exec-9] INFO  com.longan.JWT.JwtTokenInterceptor - 获取到的Token：eyJhbGciOiJIUzI1NiJ9.eyJpZCI6MTAwMSwiaWF0IjoxNzc5Njg0MDQ0LCJleHAiOjE3Nzk2OTEyNDR9.vhTHxx2YyqrgiYV_evScpTLTEeT_2KHqdoI_YP7OdFY
2026-05-25 12:50:22.011 [http-nio-8080-exec-9] INFO  com.longan.JWT.JwtTokenInterceptor - JWT校验成功，用户ID：1001
2026-05-25 12:50:22.015 [http-nio-8080-exec-9] INFO  com.longan.JWT.JwtTokenInterceptor - 清除ThreadLocal中的用户ID
2026-05-25 12:50:46.391 [http-nio-8080-exec-1] INFO  com.longan.JWT.JwtTokenInterceptor - 获取到的Token：eyJhbGciOiJIUzI1NiJ9.eyJpZCI6MTAwMSwiaWF0IjoxNzc5Njg0MDQ0LCJleHAiOjE3Nzk2OTEyNDR9.vhTHxx2YyqrgiYV_evScpTLTEeT_2KHqdoI_YP7OdFY
2026-05-25 12:50:46.393 [http-nio-8080-exec-1] INFO  com.longan.JWT.JwtTokenInterceptor - JWT校验成功，用户ID：1001
2026-05-25 12:50:46.398 [http-nio-8080-exec-1] INFO  com.longan.JWT.JwtTokenInterceptor - 清除ThreadLocal中的用户ID
2026-05-25 12:50:58.121 [http-nio-8080-exec-3] INFO  com.longan.JWT.JwtTokenInterceptor - 获取到的Token：eyJhbGciOiJIUzI1NiJ9.eyJpZCI6MTAwMSwiaWF0IjoxNzc5Njg0MDQ0LCJleHAiOjE3Nzk2OTEyNDR9.vhTHxx2YyqrgiYV_evScpTLTEeT_2KHqdoI_YP7OdFY
2026-05-25 12:50:58.121 [http-nio-8080-exec-2] INFO  com.longan.JWT.JwtTokenInterceptor - 获取到的Token：eyJhbGciOiJIUzI1NiJ9.eyJpZCI6MTAwMSwiaWF0IjoxNzc5Njg0MDQ0LCJleHAiOjE3Nzk2OTEyNDR9.vhTHxx2YyqrgiYV_evScpTLTEeT_2KHqdoI_YP7OdFY
2026-05-25 12:50:58.124 [http-nio-8080-exec-3] INFO  com.longan.JWT.JwtTokenInterceptor - JWT校验成功，用户ID：1001
2026-05-25 12:50:58.124 [http-nio-8080-exec-2] INFO  com.longan.JWT.JwtTokenInterceptor - JWT校验成功，用户ID：1001
2026-05-25 12:50:58.127 [http-nio-8080-exec-3] INFO  com.longan.JWT.JwtTokenInterceptor - 清除ThreadLocal中的用户ID
2026-05-25 12:50:58.127 [http-nio-8080-exec-2] INFO  com.longan.JWT.JwtTokenInterceptor - 清除ThreadLocal中的用户ID
2026-05-25 12:51:07.203 [http-nio-8080-exec-4] INFO  com.longan.JWT.JwtTokenInterceptor - 获取到的Token：eyJhbGciOiJIUzI1NiJ9.eyJpZCI6MTAwMSwiaWF0IjoxNzc5Njg0MDQ0LCJleHAiOjE3Nzk2OTEyNDR9.vhTHxx2YyqrgiYV_evScpTLTEeT_2KHqdoI_YP7OdFY
2026-05-25 12:51:07.206 [http-nio-8080-exec-4] INFO  com.longan.JWT.JwtTokenInterceptor - JWT校验成功，用户ID：1001
2026-05-25 12:51:07.210 [http-nio-8080-exec-4] INFO  com.longan.JWT.JwtTokenInterceptor - 清除ThreadLocal中的用户ID
2026-05-25 12:51:20.451 [http-nio-8080-exec-7] INFO  com.longan.JWT.JwtTokenInterceptor - 获取到的Token：eyJhbGciOiJIUzI1NiJ9.eyJpZCI6MTAwMSwiaWF0IjoxNzc5Njg0MDQ0LCJleHAiOjE3Nzk2OTEyNDR9.vhTHxx2YyqrgiYV_evScpTLTEeT_2KHqdoI_YP7OdFY
2026-05-25 12:51:20.453 [http-nio-8080-exec-7] INFO  com.longan.JWT.JwtTokenInterceptor - JWT校验成功，用户ID：1001
2026-05-25 12:51:20.457 [http-nio-8080-exec-7] INFO  com.longan.JWT.JwtTokenInterceptor - 清除ThreadLocal中的用户ID
2026-05-25 12:54:19.332 [http-nio-8080-exec-5] INFO  com.longan.JWT.JwtTokenInterceptor - 获取到的Token：null
2026-05-25 12:54:19.332 [http-nio-8080-exec-4] INFO  com.longan.JWT.JwtTokenInterceptor - 获取到的Token：null
2026-05-25 12:54:19.333 [http-nio-8080-exec-5] ERROR com.longan.JWT.JwtTokenInterceptor - JWT校验失败
java.lang.IllegalArgumentException: JWT String argument cannot be null or empty.
	at io.jsonwebtoken.lang.Assert.hasText(Assert.java:132)
	at io.jsonwebtoken.impl.DefaultJwtParser.parse(DefaultJwtParser.java:527)
	at io.jsonwebtoken.impl.DefaultJwtParser.parseClaimsJws(DefaultJwtParser.java:589)
	at io.jsonwebtoken.impl.ImmutableJwtParser.parseClaimsJws(ImmutableJwtParser.java:173)
	at com.longan.JWT.JwtUtil.parseJWT(JwtUtil.java:44)
	at com.longan.JWT.JwtTokenInterceptor.preHandle(JwtTokenInterceptor.java:40)
	at org.springframework.web.servlet.HandlerExecutionChain.applyPreHandle(HandlerExecutionChain.java:146)
	at org.springframework.web.servlet.DispatcherServlet.doDispatch(DispatcherServlet.java:1084)
	at org.springframework.web.servlet.DispatcherServlet.doService(DispatcherServlet.java:979)
	at org.springframework.web.servlet.FrameworkServlet.processRequest(FrameworkServlet.java:1014)
	at org.springframework.web.servlet.FrameworkServlet.doGet(FrameworkServlet.java:903)
	at jakarta.servlet.http.HttpServlet.service(HttpServlet.java:564)
	at org.springframework.web.servlet.FrameworkServlet.service(FrameworkServlet.java:885)
	at jakarta.servlet.http.HttpServlet.service(HttpServlet.java:658)
	at org.apache.catalina.core.ApplicationFilterChain.internalDoFilter(ApplicationFilterChain.java:195)
	at org.apache.catalina.core.ApplicationFilterChain.doFilter(ApplicationFilterChain.java:140)
	at org.apache.tomcat.websocket.server.WsFilter.doFilter(WsFilter.java:51)
	at org.apache.catalina.core.ApplicationFilterChain.internalDoFilter(ApplicationFilterChain.java:164)
	at org.apache.catalina.core.ApplicationFilterChain.doFilter(ApplicationFilterChain.java:140)
	at org.springframework.web.filter.RequestContextFilter.doFilterInternal(RequestContextFilter.java:100)
	at org.springframework.web.filter.OncePerRequestFilter.doFilter(OncePerRequestFilter.java:116)
	at org.apache.catalina.core.ApplicationFilterChain.internalDoFilter(ApplicationFilterChain.java:164)
	at org.apache.catalina.core.ApplicationFilterChain.doFilter(ApplicationFilterChain.java:140)
	at org.springframework.web.filter.FormContentFilter.doFilterInternal(FormContentFilter.java:93)
	at org.springframework.web.filter.OncePerRequestFilter.doFilter(OncePerRequestFilter.java:116)
	at org.apache.catalina.core.ApplicationFilterChain.internalDoFilter(ApplicationFilterChain.java:164)
	at org.apache.catalina.core.ApplicationFilterChain.doFilter(ApplicationFilterChain.java:140)
	at org.springframework.web.filter.CharacterEncodingFilter.doFilterInternal(CharacterEncodingFilter.java:201)
	at org.springframework.web.filter.OncePerRequestFilter.doFilter(OncePerRequestFilter.java:116)
	at org.apache.catalina.core.ApplicationFilterChain.internalDoFilter(ApplicationFilterChain.java:164)
	at org.apache.catalina.core.ApplicationFilterChain.doFilter(ApplicationFilterChain.java:140)
	at org.apache.catalina.core.StandardWrapperValve.invoke(StandardWrapperValve.java:167)
	at org.apache.catalina.core.StandardContextValve.invoke(StandardContextValve.java:90)
	at org.apache.catalina.authenticator.AuthenticatorBase.invoke(AuthenticatorBase.java:483)
	at org.apache.catalina.core.StandardHostValve.invoke(StandardHostValve.java:116)
	at org.apache.catalina.valves.ErrorReportValve.invoke(ErrorReportValve.java:93)
	at org.apache.catalina.core.StandardEngineValve.invoke(StandardEngineValve.java:74)
	at org.apache.catalina.connector.CoyoteAdapter.service(CoyoteAdapter.java:344)
	at org.apache.coyote.http11.Http11Processor.service(Http11Processor.java:398)
	at org.apache.coyote.AbstractProcessorLight.process(AbstractProcessorLight.java:63)
	at org.apache.coyote.AbstractProtocol$ConnectionHandler.process(AbstractProtocol.java:903)
	at org.apache.tomcat.util.net.NioEndpoint$SocketProcessor.doRun(NioEndpoint.java:1769)
	at org.apache.tomcat.util.net.SocketProcessorBase.run(SocketProcessorBase.java:52)
	at org.apache.tomcat.util.threads.ThreadPoolExecutor.runWorker(ThreadPoolExecutor.java:1189)
	at org.apache.tomcat.util.threads.ThreadPoolExecutor$Worker.run(ThreadPoolExecutor.java:658)
	at org.apache.tomcat.util.threads.TaskThread$WrappingRunnable.run(TaskThread.java:63)
	at java.base/java.lang.Thread.run(Thread.java:840)
2026-05-25 12:54:19.333 [http-nio-8080-exec-4] ERROR com.longan.JWT.JwtTokenInterceptor - JWT校验失败
java.lang.IllegalArgumentException: JWT String argument cannot be null or empty.
	at io.jsonwebtoken.lang.Assert.hasText(Assert.java:132)
	at io.jsonwebtoken.impl.DefaultJwtParser.parse(DefaultJwtParser.java:527)
	at io.jsonwebtoken.impl.DefaultJwtParser.parseClaimsJws(DefaultJwtParser.java:589)
	at io.jsonwebtoken.impl.ImmutableJwtParser.parseClaimsJws(ImmutableJwtParser.java:173)
	at com.longan.JWT.JwtUtil.parseJWT(JwtUtil.java:44)
	at com.longan.JWT.JwtTokenInterceptor.preHandle(JwtTokenInterceptor.java:40)
	at org.springframework.web.servlet.HandlerExecutionChain.applyPreHandle(HandlerExecutionChain.java:146)
	at org.springframework.web.servlet.DispatcherServlet.doDispatch(DispatcherServlet.java:1084)
	at org.springframework.web.servlet.DispatcherServlet.doService(DispatcherServlet.java:979)
	at org.springframework.web.servlet.FrameworkServlet.processRequest(FrameworkServlet.java:1014)
	at org.springframework.web.servlet.FrameworkServlet.doGet(FrameworkServlet.java:903)
	at jakarta.servlet.http.HttpServlet.service(HttpServlet.java:564)
	at org.springframework.web.servlet.FrameworkServlet.service(FrameworkServlet.java:885)
	at jakarta.servlet.http.HttpServlet.service(HttpServlet.java:658)
	at org.apache.catalina.core.ApplicationFilterChain.internalDoFilter(ApplicationFilterChain.java:195)
	at org.apache.catalina.core.ApplicationFilterChain.doFilter(ApplicationFilterChain.java:140)
	at org.apache.tomcat.websocket.server.WsFilter.doFilter(WsFilter.java:51)
	at org.apache.catalina.core.ApplicationFilterChain.internalDoFilter(ApplicationFilterChain.java:164)
	at org.apache.catalina.core.ApplicationFilterChain.doFilter(ApplicationFilterChain.java:140)
	at org.springframework.web.filter.RequestContextFilter.doFilterInternal(RequestContextFilter.java:100)
	at org.springframework.web.filter.OncePerRequestFilter.doFilter(OncePerRequestFilter.java:116)
	at org.apache.catalina.core.ApplicationFilterChain.internalDoFilter(ApplicationFilterChain.java:164)
	at org.apache.catalina.core.ApplicationFilterChain.doFilter(ApplicationFilterChain.java:140)
	at org.springframework.web.filter.FormContentFilter.doFilterInternal(FormContentFilter.java:93)
	at org.springframework.web.filter.OncePerRequestFilter.doFilter(OncePerRequestFilter.java:116)
	at org.apache.catalina.core.ApplicationFilterChain.internalDoFilter(ApplicationFilterChain.java:164)
	at org.apache.catalina.core.ApplicationFilterChain.doFilter(ApplicationFilterChain.java:140)
	at org.springframework.web.filter.CharacterEncodingFilter.doFilterInternal(CharacterEncodingFilter.java:201)
	at org.springframework.web.filter.OncePerRequestFilter.doFilter(OncePerRequestFilter.java:116)
	at org.apache.catalina.core.ApplicationFilterChain.internalDoFilter(ApplicationFilterChain.java:164)
	at org.apache.catalina.core.ApplicationFilterChain.doFilter(ApplicationFilterChain.java:140)
	at org.apache.catalina.core.StandardWrapperValve.invoke(StandardWrapperValve.java:167)
	at org.apache.catalina.core.StandardContextValve.invoke(StandardContextValve.java:90)
	at org.apache.catalina.authenticator.AuthenticatorBase.invoke(AuthenticatorBase.java:483)
	at org.apache.catalina.core.StandardHostValve.invoke(StandardHostValve.java:116)
	at org.apache.catalina.valves.ErrorReportValve.invoke(ErrorReportValve.java:93)
	at org.apache.catalina.core.StandardEngineValve.invoke(StandardEngineValve.java:74)
	at org.apache.catalina.connector.CoyoteAdapter.service(CoyoteAdapter.java:344)
	at org.apache.coyote.http11.Http11Processor.service(Http11Processor.java:398)
	at org.apache.coyote.AbstractProcessorLight.process(AbstractProcessorLight.java:63)
	at org.apache.coyote.AbstractProtocol$ConnectionHandler.process(AbstractProtocol.java:903)
	at org.apache.tomcat.util.net.NioEndpoint$SocketProcessor.doRun(NioEndpoint.java:1769)
	at org.apache.tomcat.util.net.SocketProcessorBase.run(SocketProcessorBase.java:52)
	at org.apache.tomcat.util.threads.ThreadPoolExecutor.runWorker(ThreadPoolExecutor.java:1189)
	at org.apache.tomcat.util.threads.ThreadPoolExecutor$Worker.run(ThreadPoolExecutor.java:658)
	at org.apache.tomcat.util.threads.TaskThread$WrappingRunnable.run(TaskThread.java:63)
	at java.base/java.lang.Thread.run(Thread.java:840)
2026-05-25 12:54:27.193 [http-nio-8080-exec-6] INFO  com.longan.user.controller.UserController - 登录：LoginDTO(email=123456789, password=000000)
2026-05-25 12:54:27.193 [http-nio-8080-exec-6] INFO  com.longan.user.service.impl.UserServiceImpl - 执行用户查询，条件：(email = #{ew.paramNameValuePairs.MPGENVAL1})
2026-05-25 12:54:27.199 [http-nio-8080-exec-6] INFO  com.longan.user.service.impl.UserServiceImpl - 用户登录成功，用户名：123456789
2026-05-25 12:54:27.213 [http-nio-8080-exec-7] INFO  com.longan.JWT.JwtTokenInterceptor - 获取到的Token：eyJhbGciOiJIUzI1NiJ9.eyJpZCI6MTAwMSwiaWF0IjoxNzc5Njg0ODY3LCJleHAiOjE3Nzk2OTIwNjd9._DeoIRCIOS89iJ2O-4zoHOAHErHlJB4ytGdg7Z0UcuA
2026-05-25 12:54:27.214 [http-nio-8080-exec-7] INFO  com.longan.JWT.JwtTokenInterceptor - JWT校验成功，用户ID：1001
2026-05-25 12:54:27.217 [http-nio-8080-exec-7] INFO  com.longan.JWT.JwtTokenInterceptor - 清除ThreadLocal中的用户ID
2026-05-25 12:54:27.242 [http-nio-8080-exec-9] INFO  com.longan.JWT.JwtTokenInterceptor - 获取到的Token：eyJhbGciOiJIUzI1NiJ9.eyJpZCI6MTAwMSwiaWF0IjoxNzc5Njg0ODY3LCJleHAiOjE3Nzk2OTIwNjd9._DeoIRCIOS89iJ2O-4zoHOAHErHlJB4ytGdg7Z0UcuA
2026-05-25 12:54:27.242 [http-nio-8080-exec-8] INFO  com.longan.JWT.JwtTokenInterceptor - 获取到的Token：eyJhbGciOiJIUzI1NiJ9.eyJpZCI6MTAwMSwiaWF0IjoxNzc5Njg0ODY3LCJleHAiOjE3Nzk2OTIwNjd9._DeoIRCIOS89iJ2O-4zoHOAHErHlJB4ytGdg7Z0UcuA
2026-05-25 12:54:27.243 [http-nio-8080-exec-8] INFO  com.longan.JWT.JwtTokenInterceptor - JWT校验成功，用户ID：1001
2026-05-25 12:54:27.243 [http-nio-8080-exec-9] INFO  com.longan.JWT.JwtTokenInterceptor - JWT校验成功，用户ID：1001
2026-05-25 12:54:27.248 [http-nio-8080-exec-8] INFO  com.longan.JWT.JwtTokenInterceptor - 清除ThreadLocal中的用户ID
2026-05-25 12:54:27.257 [http-nio-8080-exec-9] INFO  com.longan.JWT.JwtTokenInterceptor - 清除ThreadLocal中的用户ID
2026-05-25 12:56:38.411 [SpringApplicationShutdownHook] INFO  com.zaxxer.hikari.HikariDataSource - HikariPool-1 - Shutdown initiated...
2026-05-25 12:56:38.417 [SpringApplicationShutdownHook] INFO  com.zaxxer.hikari.HikariDataSource - HikariPool-1 - Shutdown completed.
