2026-03-21 12:33:15.503 [main] INFO  com.longan.LonganApexApplication - Starting LonganApexApplication using Java 17.0.10 with PID 90808 (/mnt/date/Projects/test/longan-apex/longan_apex/target/classes started by fedora in /mnt/date/Projects/test/longan-apex/longan_apex)
2026-03-21 12:33:15.506 [main] DEBUG com.longan.LonganApexApplication - Running with Spring Boot v3.5.3, Spring v6.2.8
2026-03-21 12:33:15.506 [main] INFO  com.longan.LonganApexApplication - No active profile set, falling back to 1 default profile: "default"
2026-03-21 12:33:16.198 [main] INFO  org.apache.coyote.http11.Http11NioProtocol - Initializing ProtocolHandler ["http-nio-8080"]
2026-03-21 12:33:16.199 [main] INFO  org.apache.catalina.core.StandardService - Starting service [Tomcat]
2026-03-21 12:33:16.200 [main] INFO  org.apache.catalina.core.StandardEngine - Starting Servlet engine: [Apache Tomcat/10.1.42]
2026-03-21 12:33:16.224 [main] INFO  o.a.c.core.ContainerBase.[Tomcat].[localhost].[/] - Initializing Spring embedded WebApplicationContext
2026-03-21 12:33:16.630 [main] INFO  com.longan.config.WebMvcConfiguration - 开始注册自定义拦截器...
2026-03-21 12:33:16.824 [main] INFO  org.apache.coyote.http11.Http11NioProtocol - Starting ProtocolHandler ["http-nio-8080"]
2026-03-21 12:33:16.836 [main] INFO  com.longan.LonganApexApplication - Started LonganApexApplication in 1.681 seconds (process running for 2.038)
2026-03-21 12:33:16.839 [main] INFO  com.longan.LonganApexApplication - 启动成功
2026-03-21 12:35:15.920 [http-nio-8080-exec-1] INFO  o.a.c.core.ContainerBase.[Tomcat].[localhost].[/] - Initializing Spring DispatcherServlet 'dispatcherServlet'
2026-03-21 12:35:15.971 [http-nio-8080-exec-1] INFO  com.longan.controller.UserController - 登录：LoginDTO(email=123456789, password=000000)
2026-03-21 12:35:15.976 [http-nio-8080-exec-1] INFO  com.longan.service.impl.UserServiceImpl - 执行用户查询，条件：(email = #{ew.paramNameValuePairs.MPGENVAL1})
2026-03-21 12:35:16.020 [http-nio-8080-exec-1] INFO  com.zaxxer.hikari.HikariDataSource - HikariPool-1 - Starting...
2026-03-21 12:35:16.112 [http-nio-8080-exec-1] INFO  com.zaxxer.hikari.pool.HikariPool - HikariPool-1 - Added connection com.mysql.cj.jdbc.ConnectionImpl@15c7c97b
2026-03-21 12:35:16.113 [http-nio-8080-exec-1] INFO  com.zaxxer.hikari.HikariDataSource - HikariPool-1 - Start completed.
2026-03-21 12:35:16.167 [http-nio-8080-exec-1] INFO  com.longan.service.impl.UserServiceImpl - 用户登录成功，用户名：123456789
2026-03-21 13:16:18.270 [http-nio-8080-exec-3] INFO  com.longan.controller.UserController - 登录：LoginDTO(email=123456789, password=000000)
2026-03-21 13:16:18.274 [http-nio-8080-exec-3] INFO  com.longan.service.impl.UserServiceImpl - 执行用户查询，条件：(email = #{ew.paramNameValuePairs.MPGENVAL1})
2026-03-21 13:16:18.278 [http-nio-8080-exec-3] INFO  com.longan.service.impl.UserServiceImpl - 用户登录成功，用户名：123456789
2026-03-21 13:16:18.288 [http-nio-8080-exec-4] INFO  com.longan.JWT.JwtTokenInterceptor - 获取到的Token：null
2026-03-21 13:16:18.299 [http-nio-8080-exec-4] ERROR com.longan.JWT.JwtTokenInterceptor - JWT校验失败
java.lang.IllegalArgumentException: JWT String argument cannot be null or empty.
	at io.jsonwebtoken.lang.Assert.hasText(Assert.java:132)
	at io.jsonwebtoken.impl.DefaultJwtParser.parse(DefaultJwtParser.java:527)
	at io.jsonwebtoken.impl.DefaultJwtParser.parseClaimsJws(DefaultJwtParser.java:589)
	at io.jsonwebtoken.impl.ImmutableJwtParser.parseClaimsJws(ImmutableJwtParser.java:173)
	at com.longan.JWT.JwtUtil.parseJWT(JwtUtil.java:44)
	at com.longan.JWT.JwtTokenInterceptor.preHandle(JwtTokenInterceptor.java:40)
	at org.springframework.web.servlet.HandlerExecutionChain.applyPreHandle(HandlerExecutionChain.java:146)
	at org.springframework.web.servlet.DispatcherServlet.doDispatch(DispatcherServlet.java:1084)
	at org.springframework.web.servlet.DispatcherServlet.doService(DispatcherServlet.java:979)
	at org.springframework.web.servlet.FrameworkServlet.processRequest(FrameworkServlet.java:1014)
	at org.springframework.web.servlet.FrameworkServlet.doGet(FrameworkServlet.java:903)
	at jakarta.servlet.http.HttpServlet.service(HttpServlet.java:564)
	at org.springframework.web.servlet.FrameworkServlet.service(FrameworkServlet.java:885)
	at jakarta.servlet.http.HttpServlet.service(HttpServlet.java:658)
	at org.apache.catalina.core.ApplicationFilterChain.internalDoFilter(ApplicationFilterChain.java:195)
	at org.apache.catalina.core.ApplicationFilterChain.doFilter(ApplicationFilterChain.java:140)
	at org.apache.tomcat.websocket.server.WsFilter.doFilter(WsFilter.java:51)
	at org.apache.catalina.core.ApplicationFilterChain.internalDoFilter(ApplicationFilterChain.java:164)
	at org.apache.catalina.core.ApplicationFilterChain.doFilter(ApplicationFilterChain.java:140)
	at org.springframework.web.filter.RequestContextFilter.doFilterInternal(RequestContextFilter.java:100)
	at org.springframework.web.filter.OncePerRequestFilter.doFilter(OncePerRequestFilter.java:116)
	at org.apache.catalina.core.ApplicationFilterChain.internalDoFilter(ApplicationFilterChain.java:164)
	at org.apache.catalina.core.ApplicationFilterChain.doFilter(ApplicationFilterChain.java:140)
	at org.springframework.web.filter.FormContentFilter.doFilterInternal(FormContentFilter.java:93)
	at org.springframework.web.filter.OncePerRequestFilter.doFilter(OncePerRequestFilter.java:116)
	at org.apache.catalina.core.ApplicationFilterChain.internalDoFilter(ApplicationFilterChain.java:164)
	at org.apache.catalina.core.ApplicationFilterChain.doFilter(ApplicationFilterChain.java:140)
	at org.springframework.web.filter.CharacterEncodingFilter.doFilterInternal(CharacterEncodingFilter.java:201)
	at org.springframework.web.filter.OncePerRequestFilter.doFilter(OncePerRequestFilter.java:116)
	at org.apache.catalina.core.ApplicationFilterChain.internalDoFilter(ApplicationFilterChain.java:164)
	at org.apache.catalina.core.ApplicationFilterChain.doFilter(ApplicationFilterChain.java:140)
	at org.apache.catalina.core.StandardWrapperValve.invoke(StandardWrapperValve.java:167)
	at org.apache.catalina.core.StandardContextValve.invoke(StandardContextValve.java:90)
	at org.apache.catalina.authenticator.AuthenticatorBase.invoke(AuthenticatorBase.java:483)
	at org.apache.catalina.core.StandardHostValve.invoke(StandardHostValve.java:116)
	at org.apache.catalina.valves.ErrorReportValve.invoke(ErrorReportValve.java:93)
	at org.apache.catalina.core.StandardEngineValve.invoke(StandardEngineValve.java:74)
	at org.apache.catalina.connector.CoyoteAdapter.service(CoyoteAdapter.java:344)
	at org.apache.coyote.http11.Http11Processor.service(Http11Processor.java:398)
	at org.apache.coyote.AbstractProcessorLight.process(AbstractProcessorLight.java:63)
	at org.apache.coyote.AbstractProtocol$ConnectionHandler.process(AbstractProtocol.java:903)
	at org.apache.tomcat.util.net.NioEndpoint$SocketProcessor.doRun(NioEndpoint.java:1769)
	at org.apache.tomcat.util.net.SocketProcessorBase.run(SocketProcessorBase.java:52)
	at org.apache.tomcat.util.threads.ThreadPoolExecutor.runWorker(ThreadPoolExecutor.java:1189)
	at org.apache.tomcat.util.threads.ThreadPoolExecutor$Worker.run(ThreadPoolExecutor.java:658)
	at org.apache.tomcat.util.threads.TaskThread$WrappingRunnable.run(TaskThread.java:63)
	at java.base/java.lang.Thread.run(Thread.java:840)
2026-03-21 13:16:44.750 [http-nio-8080-exec-5] INFO  com.longan.controller.UserController - 登录：LoginDTO(email=123456789, password=000000)
2026-03-21 13:16:44.750 [http-nio-8080-exec-5] INFO  com.longan.service.impl.UserServiceImpl - 执行用户查询，条件：(email = #{ew.paramNameValuePairs.MPGENVAL1})
2026-03-21 13:16:44.753 [http-nio-8080-exec-5] INFO  com.longan.service.impl.UserServiceImpl - 用户登录成功，用户名：123456789
2026-03-21 13:16:44.762 [http-nio-8080-exec-6] INFO  com.longan.JWT.JwtTokenInterceptor - 获取到的Token：null
2026-03-21 13:16:44.763 [http-nio-8080-exec-6] ERROR com.longan.JWT.JwtTokenInterceptor - JWT校验失败
java.lang.IllegalArgumentException: JWT String argument cannot be null or empty.
	at io.jsonwebtoken.lang.Assert.hasText(Assert.java:132)
	at io.jsonwebtoken.impl.DefaultJwtParser.parse(DefaultJwtParser.java:527)
	at io.jsonwebtoken.impl.DefaultJwtParser.parseClaimsJws(DefaultJwtParser.java:589)
	at io.jsonwebtoken.impl.ImmutableJwtParser.parseClaimsJws(ImmutableJwtParser.java:173)
	at com.longan.JWT.JwtUtil.parseJWT(JwtUtil.java:44)
	at com.longan.JWT.JwtTokenInterceptor.preHandle(JwtTokenInterceptor.java:40)
	at org.springframework.web.servlet.HandlerExecutionChain.applyPreHandle(HandlerExecutionChain.java:146)
	at org.springframework.web.servlet.DispatcherServlet.doDispatch(DispatcherServlet.java:1084)
	at org.springframework.web.servlet.DispatcherServlet.doService(DispatcherServlet.java:979)
	at org.springframework.web.servlet.FrameworkServlet.processRequest(FrameworkServlet.java:1014)
	at org.springframework.web.servlet.FrameworkServlet.doGet(FrameworkServlet.java:903)
	at jakarta.servlet.http.HttpServlet.service(HttpServlet.java:564)
	at org.springframework.web.servlet.FrameworkServlet.service(FrameworkServlet.java:885)
	at jakarta.servlet.http.HttpServlet.service(HttpServlet.java:658)
	at org.apache.catalina.core.ApplicationFilterChain.internalDoFilter(ApplicationFilterChain.java:195)
	at org.apache.catalina.core.ApplicationFilterChain.doFilter(ApplicationFilterChain.java:140)
	at org.apache.tomcat.websocket.server.WsFilter.doFilter(WsFilter.java:51)
	at org.apache.catalina.core.ApplicationFilterChain.internalDoFilter(ApplicationFilterChain.java:164)
	at org.apache.catalina.core.ApplicationFilterChain.doFilter(ApplicationFilterChain.java:140)
	at org.springframework.web.filter.RequestContextFilter.doFilterInternal(RequestContextFilter.java:100)
	at org.springframework.web.filter.OncePerRequestFilter.doFilter(OncePerRequestFilter.java:116)
	at org.apache.catalina.core.ApplicationFilterChain.internalDoFilter(ApplicationFilterChain.java:164)
	at org.apache.catalina.core.ApplicationFilterChain.doFilter(ApplicationFilterChain.java:140)
	at org.springframework.web.filter.FormContentFilter.doFilterInternal(FormContentFilter.java:93)
	at org.springframework.web.filter.OncePerRequestFilter.doFilter(OncePerRequestFilter.java:116)
	at org.apache.catalina.core.ApplicationFilterChain.internalDoFilter(ApplicationFilterChain.java:164)
	at org.apache.catalina.core.ApplicationFilterChain.doFilter(ApplicationFilterChain.java:140)
	at org.springframework.web.filter.CharacterEncodingFilter.doFilterInternal(CharacterEncodingFilter.java:201)
	at org.springframework.web.filter.OncePerRequestFilter.doFilter(OncePerRequestFilter.java:116)
	at org.apache.catalina.core.ApplicationFilterChain.internalDoFilter(ApplicationFilterChain.java:164)
	at org.apache.catalina.core.ApplicationFilterChain.doFilter(ApplicationFilterChain.java:140)
	at org.apache.catalina.core.StandardWrapperValve.invoke(StandardWrapperValve.java:167)
	at org.apache.catalina.core.StandardContextValve.invoke(StandardContextValve.java:90)
	at org.apache.catalina.authenticator.AuthenticatorBase.invoke(AuthenticatorBase.java:483)
	at org.apache.catalina.core.StandardHostValve.invoke(StandardHostValve.java:116)
	at org.apache.catalina.valves.ErrorReportValve.invoke(ErrorReportValve.java:93)
	at org.apache.catalina.core.StandardEngineValve.invoke(StandardEngineValve.java:74)
	at org.apache.catalina.connector.CoyoteAdapter.service(CoyoteAdapter.java:344)
	at org.apache.coyote.http11.Http11Processor.service(Http11Processor.java:398)
	at org.apache.coyote.AbstractProcessorLight.process(AbstractProcessorLight.java:63)
	at org.apache.coyote.AbstractProtocol$ConnectionHandler.process(AbstractProtocol.java:903)
	at org.apache.tomcat.util.net.NioEndpoint$SocketProcessor.doRun(NioEndpoint.java:1769)
	at org.apache.tomcat.util.net.SocketProcessorBase.run(SocketProcessorBase.java:52)
	at org.apache.tomcat.util.threads.ThreadPoolExecutor.runWorker(ThreadPoolExecutor.java:1189)
	at org.apache.tomcat.util.threads.ThreadPoolExecutor$Worker.run(ThreadPoolExecutor.java:658)
	at org.apache.tomcat.util.threads.TaskThread$WrappingRunnable.run(TaskThread.java:63)
	at java.base/java.lang.Thread.run(Thread.java:840)
2026-03-21 13:18:35.528 [http-nio-8080-exec-7] INFO  com.longan.controller.UserController - 登录：LoginDTO(email=123456789, password=000000)
2026-03-21 13:18:35.529 [http-nio-8080-exec-7] INFO  com.longan.service.impl.UserServiceImpl - 执行用户查询，条件：(email = #{ew.paramNameValuePairs.MPGENVAL1})
2026-03-21 13:18:35.532 [http-nio-8080-exec-7] INFO  com.longan.service.impl.UserServiceImpl - 用户登录成功，用户名：123456789
2026-03-21 13:18:35.542 [http-nio-8080-exec-8] INFO  com.longan.JWT.JwtTokenInterceptor - 获取到的Token：eyJhbGciOiJIUzI1NiJ9.eyJpZCI6MTAwMSwiaWF0IjoxNzc0MDcwMzE1LCJleHAiOjE3NzQwNzc1MTV9.NyWYclwkneSzfBX-XLbFVdIZvfDvBorUcp5-eax851k
2026-03-21 13:18:35.550 [http-nio-8080-exec-8] INFO  com.longan.JWT.JwtTokenInterceptor - JWT校验成功，用户ID：1001
2026-03-21 13:18:35.556 [http-nio-8080-exec-8] INFO  com.longan.JWT.JwtTokenInterceptor - 清除ThreadLocal中的用户ID
2026-03-21 13:20:42.376 [http-nio-8080-exec-9] INFO  com.longan.controller.UserController - 登录：LoginDTO(email=123456789, password=000000)
2026-03-21 13:20:42.376 [http-nio-8080-exec-9] INFO  com.longan.service.impl.UserServiceImpl - 执行用户查询，条件：(email = #{ew.paramNameValuePairs.MPGENVAL1})
2026-03-21 13:20:42.378 [http-nio-8080-exec-9] INFO  com.longan.service.impl.UserServiceImpl - 用户登录成功，用户名：123456789
2026-03-21 13:20:42.387 [http-nio-8080-exec-10] INFO  com.longan.JWT.JwtTokenInterceptor - 获取到的Token：eyJhbGciOiJIUzI1NiJ9.eyJpZCI6MTAwMSwiaWF0IjoxNzc0MDcwNDQyLCJleHAiOjE3NzQwNzc2NDJ9.2Dg_sK_NYaxEgEjx8mP6rpMo7e5a3EAav46XMDAKQHo
2026-03-21 13:20:42.388 [http-nio-8080-exec-10] INFO  com.longan.JWT.JwtTokenInterceptor - JWT校验成功，用户ID：1001
2026-03-21 13:20:42.392 [http-nio-8080-exec-10] INFO  com.longan.JWT.JwtTokenInterceptor - 清除ThreadLocal中的用户ID
2026-03-21 13:28:14.658 [http-nio-8080-exec-1] INFO  com.longan.controller.UserController - 登录：LoginDTO(email=123456789, password=000000)
2026-03-21 13:28:14.659 [http-nio-8080-exec-1] INFO  com.longan.service.impl.UserServiceImpl - 执行用户查询，条件：(email = #{ew.paramNameValuePairs.MPGENVAL1})
2026-03-21 13:28:14.662 [http-nio-8080-exec-1] INFO  com.longan.service.impl.UserServiceImpl - 用户登录成功，用户名：123456789
2026-03-21 13:28:14.673 [http-nio-8080-exec-2] INFO  com.longan.JWT.JwtTokenInterceptor - 获取到的Token：eyJhbGciOiJIUzI1NiJ9.eyJpZCI6MTAwMSwiaWF0IjoxNzc0MDcwODk0LCJleHAiOjE3NzQwNzgwOTR9.cjoF5UmIKFMV4BZTdaz0_CXNZMC9P3uY509jk52J-l8
2026-03-21 13:28:14.674 [http-nio-8080-exec-2] INFO  com.longan.JWT.JwtTokenInterceptor - JWT校验成功，用户ID：1001
2026-03-21 13:28:14.676 [http-nio-8080-exec-2] INFO  com.longan.JWT.JwtTokenInterceptor - 清除ThreadLocal中的用户ID
2026-03-21 13:41:52.744 [http-nio-8080-exec-5] INFO  com.longan.JWT.JwtTokenInterceptor - 获取到的Token：eyJhbGciOiJIUzI1NiJ9.eyJpZCI6MTAwMSwiaWF0IjoxNzc0MDcwODk0LCJleHAiOjE3NzQwNzgwOTR9.cjoF5UmIKFMV4BZTdaz0_CXNZMC9P3uY509jk52J-l8
2026-03-21 13:41:52.745 [http-nio-8080-exec-5] INFO  com.longan.JWT.JwtTokenInterceptor - JWT校验成功，用户ID：1001
2026-03-21 13:41:52.752 [http-nio-8080-exec-5] INFO  com.longan.JWT.JwtTokenInterceptor - 清除ThreadLocal中的用户ID
2026-03-21 13:41:55.656 [http-nio-8080-exec-6] INFO  com.longan.JWT.JwtTokenInterceptor - 获取到的Token：eyJhbGciOiJIUzI1NiJ9.eyJpZCI6MTAwMSwiaWF0IjoxNzc0MDcwODk0LCJleHAiOjE3NzQwNzgwOTR9.cjoF5UmIKFMV4BZTdaz0_CXNZMC9P3uY509jk52J-l8
2026-03-21 13:41:55.657 [http-nio-8080-exec-6] INFO  com.longan.JWT.JwtTokenInterceptor - JWT校验成功，用户ID：1001
2026-03-21 13:41:55.658 [http-nio-8080-exec-6] INFO  com.longan.JWT.JwtTokenInterceptor - 清除ThreadLocal中的用户ID
2026-03-21 13:42:00.663 [http-nio-8080-exec-7] INFO  com.longan.JWT.JwtTokenInterceptor - 获取到的Token：eyJhbGciOiJIUzI1NiJ9.eyJpZCI6MTAwMSwiaWF0IjoxNzc0MDcwODk0LCJleHAiOjE3NzQwNzgwOTR9.cjoF5UmIKFMV4BZTdaz0_CXNZMC9P3uY509jk52J-l8
2026-03-21 13:42:00.665 [http-nio-8080-exec-7] INFO  com.longan.JWT.JwtTokenInterceptor - JWT校验成功，用户ID：1001
2026-03-21 13:42:00.666 [http-nio-8080-exec-7] INFO  com.longan.JWT.JwtTokenInterceptor - 清除ThreadLocal中的用户ID
2026-03-21 13:45:50.337 [SpringApplicationShutdownHook] INFO  com.zaxxer.hikari.HikariDataSource - HikariPool-1 - Shutdown initiated...
2026-03-21 13:45:50.338 [SpringApplicationShutdownHook] INFO  com.zaxxer.hikari.HikariDataSource - HikariPool-1 - Shutdown completed.
2026-03-21 13:45:54.751 [main] INFO  com.longan.LonganApexApplication - Starting LonganApexApplication using Java 17.0.10 with PID 102498 (/mnt/date/Projects/test/longan-apex/longan_apex/target/classes started by fedora in /mnt/date/Projects/test/longan-apex/longan_apex)
2026-03-21 13:45:54.752 [main] DEBUG com.longan.LonganApexApplication - Running with Spring Boot v3.5.3, Spring v6.2.8
2026-03-21 13:45:54.753 [main] INFO  com.longan.LonganApexApplication - No active profile set, falling back to 1 default profile: "default"
2026-03-21 13:45:55.565 [main] INFO  org.apache.coyote.http11.Http11NioProtocol - Initializing ProtocolHandler ["http-nio-8080"]
2026-03-21 13:45:55.566 [main] INFO  org.apache.catalina.core.StandardService - Starting service [Tomcat]
2026-03-21 13:45:55.567 [main] INFO  org.apache.catalina.core.StandardEngine - Starting Servlet engine: [Apache Tomcat/10.1.42]
2026-03-21 13:45:55.619 [main] INFO  o.a.c.core.ContainerBase.[Tomcat].[localhost].[/] - Initializing Spring embedded WebApplicationContext
2026-03-21 13:45:56.041 [main] INFO  com.longan.config.WebMvcConfiguration - 开始注册自定义拦截器...
2026-03-21 13:45:56.355 [main] INFO  org.apache.coyote.http11.Http11NioProtocol - Starting ProtocolHandler ["http-nio-8080"]
2026-03-21 13:45:56.372 [main] INFO  com.longan.LonganApexApplication - Started LonganApexApplication in 2.017 seconds (process running for 2.749)
2026-03-21 13:45:56.377 [main] INFO  com.longan.LonganApexApplication - 启动成功
2026-03-21 13:46:05.948 [http-nio-8080-exec-1] INFO  o.a.c.core.ContainerBase.[Tomcat].[localhost].[/] - Initializing Spring DispatcherServlet 'dispatcherServlet'
2026-03-21 13:46:05.961 [http-nio-8080-exec-1] INFO  com.longan.JWT.JwtTokenInterceptor - 获取到的Token：eyJhbGciOiJIUzI1NiJ9.eyJpZCI6MTAwMSwiaWF0IjoxNzc0MDcwODk0LCJleHAiOjE3NzQwNzgwOTR9.cjoF5UmIKFMV4BZTdaz0_CXNZMC9P3uY509jk52J-l8
2026-03-21 13:46:06.009 [http-nio-8080-exec-1] INFO  com.longan.JWT.JwtTokenInterceptor - JWT校验成功，用户ID：1001
2026-03-21 13:46:06.051 [http-nio-8080-exec-1] INFO  com.longan.JWT.JwtTokenInterceptor - 清除ThreadLocal中的用户ID
2026-03-21 13:46:59.446 [main] INFO  com.longan.LonganApexApplication - Starting LonganApexApplication using Java 17.0.10 with PID 102666 (/mnt/date/Projects/test/longan-apex/longan_apex/target/classes started by fedora in /mnt/date/Projects/test/longan-apex/longan_apex)
2026-03-21 13:46:59.447 [main] DEBUG com.longan.LonganApexApplication - Running with Spring Boot v3.5.3, Spring v6.2.8
2026-03-21 13:46:59.448 [main] INFO  com.longan.LonganApexApplication - No active profile set, falling back to 1 default profile: "default"
2026-03-21 13:47:00.144 [main] INFO  org.apache.coyote.http11.Http11NioProtocol - Initializing ProtocolHandler ["http-nio-8080"]
2026-03-21 13:47:00.145 [main] INFO  org.apache.catalina.core.StandardService - Starting service [Tomcat]
2026-03-21 13:47:00.145 [main] INFO  org.apache.catalina.core.StandardEngine - Starting Servlet engine: [Apache Tomcat/10.1.42]
2026-03-21 13:47:00.178 [main] INFO  o.a.c.core.ContainerBase.[Tomcat].[localhost].[/] - Initializing Spring embedded WebApplicationContext
2026-03-21 13:47:00.560 [main] INFO  com.longan.config.WebMvcConfiguration - 开始注册自定义拦截器...
2026-03-21 13:47:00.830 [main] INFO  org.apache.coyote.http11.Http11NioProtocol - Starting ProtocolHandler ["http-nio-8080"]
2026-03-21 13:47:00.845 [main] INFO  com.longan.LonganApexApplication - Started LonganApexApplication in 1.814 seconds (process running for 2.296)
2026-03-21 13:47:00.848 [main] INFO  com.longan.LonganApexApplication - 启动成功
2026-03-21 13:47:12.394 [http-nio-8080-exec-1] INFO  o.a.c.core.ContainerBase.[Tomcat].[localhost].[/] - Initializing Spring DispatcherServlet 'dispatcherServlet'
2026-03-21 13:47:12.408 [http-nio-8080-exec-1] INFO  com.longan.JWT.JwtTokenInterceptor - 获取到的Token：eyJhbGciOiJIUzI1NiJ9.eyJpZCI6MTAwMSwiaWF0IjoxNzc0MDcwODk0LCJleHAiOjE3NzQwNzgwOTR9.cjoF5UmIKFMV4BZTdaz0_CXNZMC9P3uY509jk52J-l8
2026-03-21 13:47:12.454 [http-nio-8080-exec-1] INFO  com.longan.JWT.JwtTokenInterceptor - JWT校验成功，用户ID：1001
2026-03-21 13:47:12.510 [http-nio-8080-exec-1] INFO  com.longan.JWT.JwtTokenInterceptor - 清除ThreadLocal中的用户ID
2026-03-21 13:49:44.567 [main] INFO  com.longan.LonganApexApplication - Starting LonganApexApplication using Java 17.0.10 with PID 102943 (/mnt/date/Projects/test/longan-apex/longan_apex/target/classes started by fedora in /mnt/date/Projects/test/longan-apex/longan_apex)
2026-03-21 13:49:44.569 [main] DEBUG com.longan.LonganApexApplication - Running with Spring Boot v3.5.3, Spring v6.2.8
2026-03-21 13:49:44.570 [main] INFO  com.longan.LonganApexApplication - No active profile set, falling back to 1 default profile: "default"
2026-03-21 13:49:45.318 [main] INFO  org.apache.coyote.http11.Http11NioProtocol - Initializing ProtocolHandler ["http-nio-8080"]
2026-03-21 13:49:45.319 [main] INFO  org.apache.catalina.core.StandardService - Starting service [Tomcat]
2026-03-21 13:49:45.319 [main] INFO  org.apache.catalina.core.StandardEngine - Starting Servlet engine: [Apache Tomcat/10.1.42]
2026-03-21 13:49:45.354 [main] INFO  o.a.c.core.ContainerBase.[Tomcat].[localhost].[/] - Initializing Spring embedded WebApplicationContext
2026-03-21 13:49:45.730 [main] INFO  com.longan.config.WebMvcConfiguration - 开始注册自定义拦截器...
2026-03-21 13:49:45.986 [main] INFO  org.apache.coyote.http11.Http11NioProtocol - Starting ProtocolHandler ["http-nio-8080"]
2026-03-21 13:49:46.000 [main] INFO  com.longan.LonganApexApplication - Started LonganApexApplication in 1.863 seconds (process running for 2.286)
2026-03-21 13:49:46.003 [main] INFO  com.longan.LonganApexApplication - 启动成功
2026-03-21 13:50:44.648 [http-nio-8080-exec-1] INFO  o.a.c.core.ContainerBase.[Tomcat].[localhost].[/] - Initializing Spring DispatcherServlet 'dispatcherServlet'
2026-03-21 13:50:44.671 [http-nio-8080-exec-1] INFO  com.longan.JWT.JwtTokenInterceptor - 获取到的Token：eyJhbGciOiJIUzI1NiJ9.eyJpZCI6MTAwMSwiaWF0IjoxNzc0MDcwODk0LCJleHAiOjE3NzQwNzgwOTR9.cjoF5UmIKFMV4BZTdaz0_CXNZMC9P3uY509jk52J-l8
2026-03-21 13:50:44.723 [http-nio-8080-exec-1] INFO  com.longan.JWT.JwtTokenInterceptor - JWT校验成功，用户ID：1001
2026-03-21 13:50:44.855 [http-nio-8080-exec-1] INFO  com.zaxxer.hikari.HikariDataSource - HikariPool-1 - Starting...
2026-03-21 13:50:44.990 [http-nio-8080-exec-1] INFO  com.zaxxer.hikari.pool.HikariPool - HikariPool-1 - Added connection com.mysql.cj.jdbc.ConnectionImpl@6eaf3933
2026-03-21 13:50:44.992 [http-nio-8080-exec-1] INFO  com.zaxxer.hikari.HikariDataSource - HikariPool-1 - Start completed.
2026-03-21 13:50:45.141 [http-nio-8080-exec-1] INFO  com.longan.JWT.JwtTokenInterceptor - 清除ThreadLocal中的用户ID
2026-03-21 13:54:15.361 [SpringApplicationShutdownHook] INFO  com.zaxxer.hikari.HikariDataSource - HikariPool-1 - Shutdown initiated...
2026-03-21 13:54:15.365 [SpringApplicationShutdownHook] INFO  com.zaxxer.hikari.HikariDataSource - HikariPool-1 - Shutdown completed.
2026-03-21 13:55:45.550 [main] INFO  com.longan.LonganApexApplication - Starting LonganApexApplication using Java 17.0.10 with PID 103471 (/mnt/date/Projects/test/longan-apex/longan_apex/target/classes started by fedora in /mnt/date/Projects/test/longan-apex/longan_apex)
2026-03-21 13:55:45.552 [main] DEBUG com.longan.LonganApexApplication - Running with Spring Boot v3.5.3, Spring v6.2.8
2026-03-21 13:55:45.553 [main] INFO  com.longan.LonganApexApplication - No active profile set, falling back to 1 default profile: "default"
2026-03-21 13:55:46.302 [main] INFO  org.apache.coyote.http11.Http11NioProtocol - Initializing ProtocolHandler ["http-nio-8080"]
2026-03-21 13:55:46.303 [main] INFO  org.apache.catalina.core.StandardService - Starting service [Tomcat]
2026-03-21 13:55:46.304 [main] INFO  org.apache.catalina.core.StandardEngine - Starting Servlet engine: [Apache Tomcat/10.1.42]
2026-03-21 13:55:46.343 [main] INFO  o.a.c.core.ContainerBase.[Tomcat].[localhost].[/] - Initializing Spring embedded WebApplicationContext
2026-03-21 13:55:46.725 [main] INFO  com.longan.config.WebMvcConfiguration - 开始注册自定义拦截器...
2026-03-21 13:55:46.936 [main] INFO  org.apache.coyote.http11.Http11NioProtocol - Starting ProtocolHandler ["http-nio-8080"]
2026-03-21 13:55:46.949 [main] INFO  com.longan.LonganApexApplication - Started LonganApexApplication in 1.777 seconds (process running for 2.187)
2026-03-21 13:55:46.952 [main] INFO  com.longan.LonganApexApplication - 启动成功
2026-03-21 13:55:51.487 [http-nio-8080-exec-1] INFO  o.a.c.core.ContainerBase.[Tomcat].[localhost].[/] - Initializing Spring DispatcherServlet 'dispatcherServlet'
2026-03-21 13:55:51.505 [http-nio-8080-exec-1] INFO  com.longan.JWT.JwtTokenInterceptor - 获取到的Token：eyJhbGciOiJIUzI1NiJ9.eyJpZCI6MTAwMSwiaWF0IjoxNzc0MDcwODk0LCJleHAiOjE3NzQwNzgwOTR9.cjoF5UmIKFMV4BZTdaz0_CXNZMC9P3uY509jk52J-l8
2026-03-21 13:55:51.556 [http-nio-8080-exec-1] INFO  com.longan.JWT.JwtTokenInterceptor - JWT校验成功，用户ID：1001
2026-03-21 13:55:51.663 [http-nio-8080-exec-1] INFO  com.zaxxer.hikari.HikariDataSource - HikariPool-1 - Starting...
2026-03-21 13:55:51.795 [http-nio-8080-exec-1] INFO  com.zaxxer.hikari.pool.HikariPool - HikariPool-1 - Added connection com.mysql.cj.jdbc.ConnectionImpl@4d5ae26a
2026-03-21 13:55:51.797 [http-nio-8080-exec-1] INFO  com.zaxxer.hikari.HikariDataSource - HikariPool-1 - Start completed.
2026-03-21 13:55:51.877 [http-nio-8080-exec-1] INFO  com.longan.JWT.JwtTokenInterceptor - 清除ThreadLocal中的用户ID
2026-03-21 13:56:23.732 [http-nio-8080-exec-2] INFO  com.longan.JWT.JwtTokenInterceptor - 获取到的Token：eyJhbGciOiJIUzI1NiJ9.eyJpZCI6MTAwMSwiaWF0IjoxNzc0MDcwODk0LCJleHAiOjE3NzQwNzgwOTR9.cjoF5UmIKFMV4BZTdaz0_CXNZMC9P3uY509jk52J-l8
2026-03-21 13:56:23.735 [http-nio-8080-exec-2] INFO  com.longan.JWT.JwtTokenInterceptor - JWT校验成功，用户ID：1001
2026-03-21 13:56:23.747 [http-nio-8080-exec-2] INFO  com.longan.JWT.JwtTokenInterceptor - 清除ThreadLocal中的用户ID
2026-03-21 13:56:24.919 [http-nio-8080-exec-3] INFO  com.longan.JWT.JwtTokenInterceptor - 获取到的Token：eyJhbGciOiJIUzI1NiJ9.eyJpZCI6MTAwMSwiaWF0IjoxNzc0MDcwODk0LCJleHAiOjE3NzQwNzgwOTR9.cjoF5UmIKFMV4BZTdaz0_CXNZMC9P3uY509jk52J-l8
2026-03-21 13:56:24.922 [http-nio-8080-exec-3] INFO  com.longan.JWT.JwtTokenInterceptor - JWT校验成功，用户ID：1001
2026-03-21 13:56:24.932 [http-nio-8080-exec-3] INFO  com.longan.JWT.JwtTokenInterceptor - 清除ThreadLocal中的用户ID
2026-03-21 13:56:25.583 [http-nio-8080-exec-4] INFO  com.longan.JWT.JwtTokenInterceptor - 获取到的Token：eyJhbGciOiJIUzI1NiJ9.eyJpZCI6MTAwMSwiaWF0IjoxNzc0MDcwODk0LCJleHAiOjE3NzQwNzgwOTR9.cjoF5UmIKFMV4BZTdaz0_CXNZMC9P3uY509jk52J-l8
2026-03-21 13:56:25.584 [http-nio-8080-exec-4] INFO  com.longan.JWT.JwtTokenInterceptor - JWT校验成功，用户ID：1001
2026-03-21 13:56:25.596 [http-nio-8080-exec-4] INFO  com.longan.JWT.JwtTokenInterceptor - 清除ThreadLocal中的用户ID
2026-03-21 13:56:26.461 [http-nio-8080-exec-5] INFO  com.longan.JWT.JwtTokenInterceptor - 获取到的Token：eyJhbGciOiJIUzI1NiJ9.eyJpZCI6MTAwMSwiaWF0IjoxNzc0MDcwODk0LCJleHAiOjE3NzQwNzgwOTR9.cjoF5UmIKFMV4BZTdaz0_CXNZMC9P3uY509jk52J-l8
2026-03-21 13:56:26.462 [http-nio-8080-exec-5] INFO  com.longan.JWT.JwtTokenInterceptor - JWT校验成功，用户ID：1001
2026-03-21 13:56:26.475 [http-nio-8080-exec-5] INFO  com.longan.JWT.JwtTokenInterceptor - 清除ThreadLocal中的用户ID
2026-03-21 13:56:27.118 [http-nio-8080-exec-6] INFO  com.longan.JWT.JwtTokenInterceptor - 获取到的Token：eyJhbGciOiJIUzI1NiJ9.eyJpZCI6MTAwMSwiaWF0IjoxNzc0MDcwODk0LCJleHAiOjE3NzQwNzgwOTR9.cjoF5UmIKFMV4BZTdaz0_CXNZMC9P3uY509jk52J-l8
2026-03-21 13:56:27.120 [http-nio-8080-exec-6] INFO  com.longan.JWT.JwtTokenInterceptor - JWT校验成功，用户ID：1001
2026-03-21 13:56:27.130 [http-nio-8080-exec-6] INFO  com.longan.JWT.JwtTokenInterceptor - 清除ThreadLocal中的用户ID
2026-03-21 13:56:27.542 [http-nio-8080-exec-7] INFO  com.longan.JWT.JwtTokenInterceptor - 获取到的Token：eyJhbGciOiJIUzI1NiJ9.eyJpZCI6MTAwMSwiaWF0IjoxNzc0MDcwODk0LCJleHAiOjE3NzQwNzgwOTR9.cjoF5UmIKFMV4BZTdaz0_CXNZMC9P3uY509jk52J-l8
2026-03-21 13:56:27.544 [http-nio-8080-exec-7] INFO  com.longan.JWT.JwtTokenInterceptor - JWT校验成功，用户ID：1001
2026-03-21 13:56:27.556 [http-nio-8080-exec-7] INFO  com.longan.JWT.JwtTokenInterceptor - 清除ThreadLocal中的用户ID
2026-03-21 13:56:28.373 [http-nio-8080-exec-8] INFO  com.longan.JWT.JwtTokenInterceptor - 获取到的Token：eyJhbGciOiJIUzI1NiJ9.eyJpZCI6MTAwMSwiaWF0IjoxNzc0MDcwODk0LCJleHAiOjE3NzQwNzgwOTR9.cjoF5UmIKFMV4BZTdaz0_CXNZMC9P3uY509jk52J-l8
2026-03-21 13:56:28.376 [http-nio-8080-exec-8] INFO  com.longan.JWT.JwtTokenInterceptor - JWT校验成功，用户ID：1001
2026-03-21 13:56:28.394 [http-nio-8080-exec-8] INFO  com.longan.JWT.JwtTokenInterceptor - 清除ThreadLocal中的用户ID
2026-03-21 13:56:30.398 [http-nio-8080-exec-9] INFO  com.longan.JWT.JwtTokenInterceptor - 获取到的Token：eyJhbGciOiJIUzI1NiJ9.eyJpZCI6MTAwMSwiaWF0IjoxNzc0MDcwODk0LCJleHAiOjE3NzQwNzgwOTR9.cjoF5UmIKFMV4BZTdaz0_CXNZMC9P3uY509jk52J-l8
2026-03-21 13:56:30.399 [http-nio-8080-exec-9] INFO  com.longan.JWT.JwtTokenInterceptor - JWT校验成功，用户ID：1001
2026-03-21 13:56:30.412 [http-nio-8080-exec-9] INFO  com.longan.JWT.JwtTokenInterceptor - 清除ThreadLocal中的用户ID
2026-03-21 13:56:30.981 [http-nio-8080-exec-10] INFO  com.longan.JWT.JwtTokenInterceptor - 获取到的Token：eyJhbGciOiJIUzI1NiJ9.eyJpZCI6MTAwMSwiaWF0IjoxNzc0MDcwODk0LCJleHAiOjE3NzQwNzgwOTR9.cjoF5UmIKFMV4BZTdaz0_CXNZMC9P3uY509jk52J-l8
2026-03-21 13:56:30.983 [http-nio-8080-exec-10] INFO  com.longan.JWT.JwtTokenInterceptor - JWT校验成功，用户ID：1001
2026-03-21 13:56:30.994 [http-nio-8080-exec-10] INFO  com.longan.JWT.JwtTokenInterceptor - 清除ThreadLocal中的用户ID
2026-03-21 13:56:31.429 [http-nio-8080-exec-1] INFO  com.longan.JWT.JwtTokenInterceptor - 获取到的Token：eyJhbGciOiJIUzI1NiJ9.eyJpZCI6MTAwMSwiaWF0IjoxNzc0MDcwODk0LCJleHAiOjE3NzQwNzgwOTR9.cjoF5UmIKFMV4BZTdaz0_CXNZMC9P3uY509jk52J-l8
2026-03-21 13:56:31.430 [http-nio-8080-exec-1] INFO  com.longan.JWT.JwtTokenInterceptor - JWT校验成功，用户ID：1001
2026-03-21 13:56:31.440 [http-nio-8080-exec-1] INFO  com.longan.JWT.JwtTokenInterceptor - 清除ThreadLocal中的用户ID
2026-03-21 13:56:44.054 [http-nio-8080-exec-2] INFO  com.longan.JWT.JwtTokenInterceptor - 获取到的Token：eyJhbGciOiJIUzI1NiJ9.eyJpZCI6MTAwMSwiaWF0IjoxNzc0MDcwODk0LCJleHAiOjE3NzQwNzgwOTR9.cjoF5UmIKFMV4BZTdaz0_CXNZMC9P3uY509jk52J-l8
2026-03-21 13:56:44.055 [http-nio-8080-exec-2] INFO  com.longan.JWT.JwtTokenInterceptor - JWT校验成功，用户ID：1001
2026-03-21 13:56:44.064 [http-nio-8080-exec-2] INFO  com.longan.JWT.JwtTokenInterceptor - 清除ThreadLocal中的用户ID
2026-03-21 15:24:14.274 [SpringApplicationShutdownHook] INFO  com.zaxxer.hikari.HikariDataSource - HikariPool-1 - Shutdown initiated...
2026-03-21 15:24:14.276 [SpringApplicationShutdownHook] INFO  com.zaxxer.hikari.HikariDataSource - HikariPool-1 - Shutdown completed.
2026-03-21 21:09:46.199 [main] INFO  com.longan.LonganApexApplication - Starting LonganApexApplication using Java 17.0.10 with PID 119008 (/mnt/date/Projects/test/longan-apex/longan_apex/target/classes started by fedora in /mnt/date/Projects/test/longan-apex/longan_apex)
2026-03-21 21:09:46.201 [main] DEBUG com.longan.LonganApexApplication - Running with Spring Boot v3.5.3, Spring v6.2.8
2026-03-21 21:09:46.201 [main] INFO  com.longan.LonganApexApplication - No active profile set, falling back to 1 default profile: "default"
2026-03-21 21:09:47.161 [main] INFO  org.apache.coyote.http11.Http11NioProtocol - Initializing ProtocolHandler ["http-nio-8080"]
2026-03-21 21:09:47.163 [main] INFO  org.apache.catalina.core.StandardService - Starting service [Tomcat]
2026-03-21 21:09:47.163 [main] INFO  org.apache.catalina.core.StandardEngine - Starting Servlet engine: [Apache Tomcat/10.1.42]
2026-03-21 21:09:47.204 [main] INFO  o.a.c.core.ContainerBase.[Tomcat].[localhost].[/] - Initializing Spring embedded WebApplicationContext
2026-03-21 21:09:47.582 [main] INFO  com.longan.config.WebMvcConfiguration - 开始注册自定义拦截器...
2026-03-21 21:09:47.884 [main] INFO  org.apache.coyote.http11.Http11NioProtocol - Starting ProtocolHandler ["http-nio-8080"]
2026-03-21 21:09:47.899 [main] INFO  com.longan.LonganApexApplication - Started LonganApexApplication in 2.09 seconds (process running for 2.523)
2026-03-21 21:09:47.902 [main] INFO  com.longan.LonganApexApplication - 启动成功
2026-03-21 21:09:51.515 [http-nio-8080-exec-1] INFO  o.a.c.core.ContainerBase.[Tomcat].[localhost].[/] - Initializing Spring DispatcherServlet 'dispatcherServlet'
2026-03-21 21:09:51.936 [http-nio-8080-exec-3] INFO  org.springdoc.api.AbstractOpenApiResource - Init duration for springdoc-openapi is: 262 ms
2026-03-21 21:10:08.482 [http-nio-8080-exec-4] INFO  com.longan.controller.UserController - 登录：LoginDTO(email=123456789, password=000000)
2026-03-21 21:10:08.488 [http-nio-8080-exec-4] INFO  com.longan.service.impl.UserServiceImpl - 执行用户查询，条件：(email = #{ew.paramNameValuePairs.MPGENVAL1})
2026-03-21 21:10:08.553 [http-nio-8080-exec-4] INFO  com.zaxxer.hikari.HikariDataSource - HikariPool-1 - Starting...
2026-03-21 21:10:08.672 [http-nio-8080-exec-4] INFO  com.zaxxer.hikari.pool.HikariPool - HikariPool-1 - Added connection com.mysql.cj.jdbc.ConnectionImpl@55c60e00
2026-03-21 21:10:08.674 [http-nio-8080-exec-4] INFO  com.zaxxer.hikari.HikariDataSource - HikariPool-1 - Start completed.
2026-03-21 21:10:08.724 [http-nio-8080-exec-4] INFO  com.longan.service.impl.UserServiceImpl - 用户登录成功，用户名：123456789
2026-03-21 21:11:38.907 [http-nio-8080-exec-6] INFO  com.longan.JWT.JwtTokenInterceptor - 获取到的Token：eyJhbGciOiJIUzI1NiJ9.eyJpZCI6MTAwMSwiaWF0IjoxNzc0MDk4NjA4LCJleHAiOjE3NzQxMDU4MDh9.V6yHpL0QPuwIuSJwEqHf8Gx0nGXizrd_4RuYSJeqG0o
2026-03-21 21:11:38.924 [http-nio-8080-exec-6] INFO  com.longan.JWT.JwtTokenInterceptor - JWT校验成功，用户ID：1001
2026-03-21 21:11:38.926 [http-nio-8080-exec-6] INFO  com.longan.controller.GoodsController - 发布商品：GoodsDTO(title=安卓手机, description=99新, price=999, originalPrice=1999, categoryId=1, quality=1, imageUrls=[])
2026-03-21 21:11:39.020 [http-nio-8080-exec-6] INFO  com.longan.JWT.JwtTokenInterceptor - 清除ThreadLocal中的用户ID
2026-03-21 21:20:05.113 [http-nio-8080-exec-8] INFO  com.longan.JWT.JwtTokenInterceptor - 获取到的Token：eyJhbGciOiJIUzI1NiJ9.eyJpZCI6MTAwMSwiaWF0IjoxNzc0MDk4NjA4LCJleHAiOjE3NzQxMDU4MDh9.V6yHpL0QPuwIuSJwEqHf8Gx0nGXizrd_4RuYSJeqG0o
2026-03-21 21:20:05.115 [http-nio-8080-exec-8] INFO  com.longan.JWT.JwtTokenInterceptor - JWT校验成功，用户ID：1001
2026-03-21 21:20:05.116 [http-nio-8080-exec-8] INFO  com.longan.controller.GoodsController - 发布商品：GoodsDTO(title=安卓手机, description=99新, price=999, originalPrice=1999, categoryId=1, quality=1, imageUrls=[])
2026-03-21 21:20:05.118 [http-nio-8080-exec-8] INFO  com.longan.JWT.JwtTokenInterceptor - 清除ThreadLocal中的用户ID
2026-03-21 21:22:16.404 [SpringApplicationShutdownHook] INFO  com.zaxxer.hikari.HikariDataSource - HikariPool-1 - Shutdown initiated...
2026-03-21 21:22:16.408 [SpringApplicationShutdownHook] INFO  com.zaxxer.hikari.HikariDataSource - HikariPool-1 - Shutdown completed.
2026-03-21 21:22:18.587 [main] INFO  com.longan.LonganApexApplication - Starting LonganApexApplication using Java 17.0.10 with PID 120035 (/mnt/date/Projects/test/longan-apex/longan_apex/target/classes started by fedora in /mnt/date/Projects/test/longan-apex/longan_apex)
2026-03-21 21:22:18.589 [main] DEBUG com.longan.LonganApexApplication - Running with Spring Boot v3.5.3, Spring v6.2.8
2026-03-21 21:22:18.589 [main] INFO  com.longan.LonganApexApplication - No active profile set, falling back to 1 default profile: "default"
2026-03-21 21:22:19.280 [main] INFO  org.apache.coyote.http11.Http11NioProtocol - Initializing ProtocolHandler ["http-nio-8080"]
2026-03-21 21:22:19.281 [main] INFO  org.apache.catalina.core.StandardService - Starting service [Tomcat]
2026-03-21 21:22:19.282 [main] INFO  org.apache.catalina.core.StandardEngine - Starting Servlet engine: [Apache Tomcat/10.1.42]
2026-03-21 21:22:19.314 [main] INFO  o.a.c.core.ContainerBase.[Tomcat].[localhost].[/] - Initializing Spring embedded WebApplicationContext
2026-03-21 21:22:19.617 [main] INFO  com.longan.config.WebMvcConfiguration - 开始注册自定义拦截器...
2026-03-21 21:22:19.822 [main] INFO  org.apache.coyote.http11.Http11NioProtocol - Starting ProtocolHandler ["http-nio-8080"]
2026-03-21 21:22:19.838 [main] INFO  com.longan.LonganApexApplication - Started LonganApexApplication in 1.64 seconds (process running for 2.078)
2026-03-21 21:22:19.840 [main] INFO  com.longan.LonganApexApplication - 启动成功
2026-03-21 21:24:00.714 [http-nio-8080-exec-1] INFO  o.a.c.core.ContainerBase.[Tomcat].[localhost].[/] - Initializing Spring DispatcherServlet 'dispatcherServlet'
2026-03-21 21:24:00.725 [http-nio-8080-exec-1] INFO  com.longan.JWT.JwtTokenInterceptor - 获取到的Token：eyJhbGciOiJIUzI1NiJ9.eyJpZCI6MTAwMSwiaWF0IjoxNzc0MDk4NjA4LCJleHAiOjE3NzQxMDU4MDh9.V6yHpL0QPuwIuSJwEqHf8Gx0nGXizrd_4RuYSJeqG0o
2026-03-21 21:24:00.774 [http-nio-8080-exec-1] INFO  com.longan.JWT.JwtTokenInterceptor - JWT校验成功，用户ID：1001
2026-03-21 21:24:00.814 [http-nio-8080-exec-1] INFO  com.longan.controller.GoodsController - 发布商品：GoodsDTO(title=安卓手机, description=99新, price=999, originalPrice=1999, categoryId=1, quality=1, imageUrls=[])
2026-03-21 21:24:00.855 [http-nio-8080-exec-1] INFO  com.zaxxer.hikari.HikariDataSource - HikariPool-1 - Starting...
2026-03-21 21:24:00.971 [http-nio-8080-exec-1] INFO  com.zaxxer.hikari.pool.HikariPool - HikariPool-1 - Added connection com.mysql.cj.jdbc.ConnectionImpl@6807fc6
2026-03-21 21:24:00.973 [http-nio-8080-exec-1] INFO  com.zaxxer.hikari.HikariDataSource - HikariPool-1 - Start completed.
2026-03-21 21:24:01.045 [http-nio-8080-exec-1] INFO  com.longan.JWT.JwtTokenInterceptor - 清除ThreadLocal中的用户ID
2026-03-21 21:24:27.271 [http-nio-8080-exec-2] INFO  com.longan.JWT.JwtTokenInterceptor - 获取到的Token：eyJhbGciOiJIUzI1NiJ9.eyJpZCI6MTAwMSwiaWF0IjoxNzc0MDk4NjA4LCJleHAiOjE3NzQxMDU4MDh9.V6yHpL0QPuwIuSJwEqHf8Gx0nGXizrd_4RuYSJeqG0o
2026-03-21 21:24:27.273 [http-nio-8080-exec-2] INFO  com.longan.JWT.JwtTokenInterceptor - JWT校验成功，用户ID：1001
2026-03-21 21:24:27.274 [http-nio-8080-exec-2] INFO  com.longan.controller.GoodsController - 商品详情：101
2026-03-21 21:24:27.290 [http-nio-8080-exec-2] INFO  com.longan.JWT.JwtTokenInterceptor - 清除ThreadLocal中的用户ID
2026-03-21 21:24:47.915 [http-nio-8080-exec-3] INFO  com.longan.JWT.JwtTokenInterceptor - 获取到的Token：eyJhbGciOiJIUzI1NiJ9.eyJpZCI6MTAwMSwiaWF0IjoxNzc0MDk4NjA4LCJleHAiOjE3NzQxMDU4MDh9.V6yHpL0QPuwIuSJwEqHf8Gx0nGXizrd_4RuYSJeqG0o
2026-03-21 21:24:47.916 [http-nio-8080-exec-3] INFO  com.longan.JWT.JwtTokenInterceptor - JWT校验成功，用户ID：1001
2026-03-21 21:24:47.917 [http-nio-8080-exec-3] INFO  com.longan.controller.GoodsController - 商品详情：1003
2026-03-21 21:24:47.954 [http-nio-8080-exec-3] INFO  com.longan.JWT.JwtTokenInterceptor - 清除ThreadLocal中的用户ID
2026-03-21 21:25:59.494 [http-nio-8080-exec-5] INFO  com.longan.JWT.JwtTokenInterceptor - 获取到的Token：eyJhbGciOiJIUzI1NiJ9.eyJpZCI6MTAwMSwiaWF0IjoxNzc0MDk4NjA4LCJleHAiOjE3NzQxMDU4MDh9.V6yHpL0QPuwIuSJwEqHf8Gx0nGXizrd_4RuYSJeqG0o
2026-03-21 21:25:59.496 [http-nio-8080-exec-5] INFO  com.longan.JWT.JwtTokenInterceptor - JWT校验成功，用户ID：1001
2026-03-21 21:25:59.496 [http-nio-8080-exec-5] INFO  com.longan.controller.GoodsController - 商品详情：1003
2026-03-21 21:25:59.507 [http-nio-8080-exec-5] INFO  com.longan.JWT.JwtTokenInterceptor - 清除ThreadLocal中的用户ID
2026-03-21 21:27:25.503 [http-nio-8080-exec-7] INFO  com.longan.JWT.JwtTokenInterceptor - 获取到的Token：eyJhbGciOiJIUzI1NiJ9.eyJpZCI6MTAwMSwiaWF0IjoxNzc0MDk4NjA4LCJleHAiOjE3NzQxMDU4MDh9.V6yHpL0QPuwIuSJwEqHf8Gx0nGXizrd_4RuYSJeqG0o
2026-03-21 21:27:25.504 [http-nio-8080-exec-7] INFO  com.longan.JWT.JwtTokenInterceptor - JWT校验成功，用户ID：1001
2026-03-21 21:27:25.505 [http-nio-8080-exec-7] INFO  com.longan.controller.GoodsController - 修改商品：GoodsDTO(title=安卓手机, description=9成新, price=899, originalPrice=1999, categoryId=101, quality=4, imageUrls=[])
2026-03-21 21:27:25.517 [http-nio-8080-exec-7] INFO  com.longan.JWT.JwtTokenInterceptor - 清除ThreadLocal中的用户ID
2026-03-21 21:27:26.379 [http-nio-8080-exec-8] INFO  com.longan.JWT.JwtTokenInterceptor - 获取到的Token：eyJhbGciOiJIUzI1NiJ9.eyJpZCI6MTAwMSwiaWF0IjoxNzc0MDk4NjA4LCJleHAiOjE3NzQxMDU4MDh9.V6yHpL0QPuwIuSJwEqHf8Gx0nGXizrd_4RuYSJeqG0o
2026-03-21 21:27:26.380 [http-nio-8080-exec-8] INFO  com.longan.JWT.JwtTokenInterceptor - JWT校验成功，用户ID：1001
2026-03-21 21:27:26.381 [http-nio-8080-exec-8] INFO  com.longan.controller.GoodsController - 修改商品：GoodsDTO(title=安卓手机, description=9成新, price=899, originalPrice=1999, categoryId=101, quality=4, imageUrls=[])
2026-03-21 21:27:26.384 [http-nio-8080-exec-8] INFO  com.longan.JWT.JwtTokenInterceptor - 清除ThreadLocal中的用户ID
2026-03-21 21:27:48.817 [http-nio-8080-exec-9] INFO  com.longan.JWT.JwtTokenInterceptor - 获取到的Token：eyJhbGciOiJIUzI1NiJ9.eyJpZCI6MTAwMSwiaWF0IjoxNzc0MDk4NjA4LCJleHAiOjE3NzQxMDU4MDh9.V6yHpL0QPuwIuSJwEqHf8Gx0nGXizrd_4RuYSJeqG0o
2026-03-21 21:27:48.819 [http-nio-8080-exec-9] INFO  com.longan.JWT.JwtTokenInterceptor - JWT校验成功，用户ID：1001
2026-03-21 21:27:48.819 [http-nio-8080-exec-9] INFO  com.longan.controller.GoodsController - 删除商品：103
2026-03-21 21:27:48.823 [http-nio-8080-exec-9] INFO  com.longan.JWT.JwtTokenInterceptor - 清除ThreadLocal中的用户ID
2026-03-21 21:28:24.206 [http-nio-8080-exec-10] INFO  com.longan.JWT.JwtTokenInterceptor - 获取到的Token：eyJhbGciOiJIUzI1NiJ9.eyJpZCI6MTAwMSwiaWF0IjoxNzc0MDk4NjA4LCJleHAiOjE3NzQxMDU4MDh9.V6yHpL0QPuwIuSJwEqHf8Gx0nGXizrd_4RuYSJeqG0o
2026-03-21 21:28:24.208 [http-nio-8080-exec-10] INFO  com.longan.JWT.JwtTokenInterceptor - JWT校验成功，用户ID：1001
2026-03-21 21:28:24.209 [http-nio-8080-exec-10] INFO  com.longan.controller.GoodsController - 删除商品：1003
2026-03-21 21:28:24.217 [http-nio-8080-exec-10] INFO  com.longan.JWT.JwtTokenInterceptor - 清除ThreadLocal中的用户ID
2026-03-21 21:28:46.058 [http-nio-8080-exec-1] INFO  com.longan.JWT.JwtTokenInterceptor - 获取到的Token：eyJhbGciOiJIUzI1NiJ9.eyJpZCI6MTAwMSwiaWF0IjoxNzc0MDk4NjA4LCJleHAiOjE3NzQxMDU4MDh9.V6yHpL0QPuwIuSJwEqHf8Gx0nGXizrd_4RuYSJeqG0o
2026-03-21 21:28:46.059 [http-nio-8080-exec-1] INFO  com.longan.JWT.JwtTokenInterceptor - JWT校验成功，用户ID：1001
2026-03-21 21:28:46.061 [http-nio-8080-exec-1] INFO  com.longan.controller.GoodsController - 修改商品状态：0
2026-03-21 21:28:46.063 [http-nio-8080-exec-1] INFO  com.longan.JWT.JwtTokenInterceptor - 清除ThreadLocal中的用户ID
2026-03-21 21:28:46.871 [http-nio-8080-exec-2] INFO  com.longan.JWT.JwtTokenInterceptor - 获取到的Token：eyJhbGciOiJIUzI1NiJ9.eyJpZCI6MTAwMSwiaWF0IjoxNzc0MDk4NjA4LCJleHAiOjE3NzQxMDU4MDh9.V6yHpL0QPuwIuSJwEqHf8Gx0nGXizrd_4RuYSJeqG0o
2026-03-21 21:28:46.872 [http-nio-8080-exec-2] INFO  com.longan.JWT.JwtTokenInterceptor - JWT校验成功，用户ID：1001
2026-03-21 21:28:46.872 [http-nio-8080-exec-2] INFO  com.longan.controller.GoodsController - 修改商品状态：0
2026-03-21 21:28:46.876 [http-nio-8080-exec-2] INFO  com.longan.JWT.JwtTokenInterceptor - 清除ThreadLocal中的用户ID
2026-03-21 21:28:58.025 [http-nio-8080-exec-3] INFO  com.longan.JWT.JwtTokenInterceptor - 获取到的Token：eyJhbGciOiJIUzI1NiJ9.eyJpZCI6MTAwMSwiaWF0IjoxNzc0MDk4NjA4LCJleHAiOjE3NzQxMDU4MDh9.V6yHpL0QPuwIuSJwEqHf8Gx0nGXizrd_4RuYSJeqG0o
2026-03-21 21:28:58.027 [http-nio-8080-exec-3] INFO  com.longan.JWT.JwtTokenInterceptor - JWT校验成功，用户ID：1001
2026-03-21 21:28:58.027 [http-nio-8080-exec-3] INFO  com.longan.controller.GoodsController - 修改商品状态：0
2026-03-21 21:28:58.033 [http-nio-8080-exec-3] INFO  com.longan.JWT.JwtTokenInterceptor - 清除ThreadLocal中的用户ID
2026-03-21 21:34:27.382 [http-nio-8080-exec-8] INFO  org.springdoc.api.AbstractOpenApiResource - Init duration for springdoc-openapi is: 170 ms
2026-03-21 21:42:45.114 [SpringApplicationShutdownHook] INFO  com.zaxxer.hikari.HikariDataSource - HikariPool-1 - Shutdown initiated...
2026-03-21 21:42:45.129 [SpringApplicationShutdownHook] INFO  com.zaxxer.hikari.HikariDataSource - HikariPool-1 - Shutdown completed.
2026-03-21 21:42:46.720 [main] INFO  com.longan.LonganApexApplication - Starting LonganApexApplication using Java 17.0.10 with PID 121487 (/mnt/date/Projects/test/longan-apex/longan_apex/target/classes started by fedora in /mnt/date/Projects/test/longan-apex/longan_apex)
2026-03-21 21:42:46.721 [main] DEBUG com.longan.LonganApexApplication - Running with Spring Boot v3.5.3, Spring v6.2.8
2026-03-21 21:42:46.721 [main] INFO  com.longan.LonganApexApplication - No active profile set, falling back to 1 default profile: "default"
2026-03-21 21:42:47.448 [main] INFO  org.apache.coyote.http11.Http11NioProtocol - Initializing ProtocolHandler ["http-nio-8080"]
2026-03-21 21:42:47.449 [main] INFO  org.apache.catalina.core.StandardService - Starting service [Tomcat]
2026-03-21 21:42:47.449 [main] INFO  org.apache.catalina.core.StandardEngine - Starting Servlet engine: [Apache Tomcat/10.1.42]
2026-03-21 21:42:47.485 [main] INFO  o.a.c.core.ContainerBase.[Tomcat].[localhost].[/] - Initializing Spring embedded WebApplicationContext
2026-03-21 21:42:47.774 [main] INFO  com.longan.config.WebMvcConfiguration - 开始注册自定义拦截器...
2026-03-21 21:42:48.002 [main] INFO  org.apache.coyote.http11.Http11NioProtocol - Starting ProtocolHandler ["http-nio-8080"]
2026-03-21 21:42:48.016 [main] INFO  com.longan.LonganApexApplication - Started LonganApexApplication in 1.803 seconds (process running for 2.24)
2026-03-21 21:42:48.019 [main] INFO  com.longan.LonganApexApplication - 启动成功
2026-03-21 21:42:54.599 [http-nio-8080-exec-1] INFO  o.a.c.core.ContainerBase.[Tomcat].[localhost].[/] - Initializing Spring DispatcherServlet 'dispatcherServlet'
2026-03-21 21:42:55.028 [http-nio-8080-exec-4] INFO  org.springdoc.api.AbstractOpenApiResource - Init duration for springdoc-openapi is: 229 ms
2026-03-21 21:43:58.955 [http-nio-8080-exec-6] INFO  com.longan.JWT.JwtTokenInterceptor - 获取到的Token：null
2026-03-21 21:43:58.975 [http-nio-8080-exec-6] ERROR com.longan.JWT.JwtTokenInterceptor - JWT校验失败
java.lang.IllegalArgumentException: JWT String argument cannot be null or empty.
	at io.jsonwebtoken.lang.Assert.hasText(Assert.java:132)
	at io.jsonwebtoken.impl.DefaultJwtParser.parse(DefaultJwtParser.java:527)
	at io.jsonwebtoken.impl.DefaultJwtParser.parseClaimsJws(DefaultJwtParser.java:589)
	at io.jsonwebtoken.impl.ImmutableJwtParser.parseClaimsJws(ImmutableJwtParser.java:173)
	at com.longan.JWT.JwtUtil.parseJWT(JwtUtil.java:44)
	at com.longan.JWT.JwtTokenInterceptor.preHandle(JwtTokenInterceptor.java:40)
	at org.springframework.web.servlet.HandlerExecutionChain.applyPreHandle(HandlerExecutionChain.java:146)
	at org.springframework.web.servlet.DispatcherServlet.doDispatch(DispatcherServlet.java:1084)
	at org.springframework.web.servlet.DispatcherServlet.doService(DispatcherServlet.java:979)
	at org.springframework.web.servlet.FrameworkServlet.processRequest(FrameworkServlet.java:1014)
	at org.springframework.web.servlet.FrameworkServlet.doGet(FrameworkServlet.java:903)
	at jakarta.servlet.http.HttpServlet.service(HttpServlet.java:564)
	at org.springframework.web.servlet.FrameworkServlet.service(FrameworkServlet.java:885)
	at jakarta.servlet.http.HttpServlet.service(HttpServlet.java:658)
	at org.apache.catalina.core.ApplicationFilterChain.internalDoFilter(ApplicationFilterChain.java:195)
	at org.apache.catalina.core.ApplicationFilterChain.doFilter(ApplicationFilterChain.java:140)
	at org.apache.tomcat.websocket.server.WsFilter.doFilter(WsFilter.java:51)
	at org.apache.catalina.core.ApplicationFilterChain.internalDoFilter(ApplicationFilterChain.java:164)
	at org.apache.catalina.core.ApplicationFilterChain.doFilter(ApplicationFilterChain.java:140)
	at org.springframework.web.filter.RequestContextFilter.doFilterInternal(RequestContextFilter.java:100)
	at org.springframework.web.filter.OncePerRequestFilter.doFilter(OncePerRequestFilter.java:116)
	at org.apache.catalina.core.ApplicationFilterChain.internalDoFilter(ApplicationFilterChain.java:164)
	at org.apache.catalina.core.ApplicationFilterChain.doFilter(ApplicationFilterChain.java:140)
	at org.springframework.web.filter.FormContentFilter.doFilterInternal(FormContentFilter.java:93)
	at org.springframework.web.filter.OncePerRequestFilter.doFilter(OncePerRequestFilter.java:116)
	at org.apache.catalina.core.ApplicationFilterChain.internalDoFilter(ApplicationFilterChain.java:164)
	at org.apache.catalina.core.ApplicationFilterChain.doFilter(ApplicationFilterChain.java:140)
	at org.springframework.web.filter.CharacterEncodingFilter.doFilterInternal(CharacterEncodingFilter.java:201)
	at org.springframework.web.filter.OncePerRequestFilter.doFilter(OncePerRequestFilter.java:116)
	at org.apache.catalina.core.ApplicationFilterChain.internalDoFilter(ApplicationFilterChain.java:164)
	at org.apache.catalina.core.ApplicationFilterChain.doFilter(ApplicationFilterChain.java:140)
	at org.apache.catalina.core.StandardWrapperValve.invoke(StandardWrapperValve.java:167)
	at org.apache.catalina.core.StandardContextValve.invoke(StandardContextValve.java:90)
	at org.apache.catalina.authenticator.AuthenticatorBase.invoke(AuthenticatorBase.java:483)
	at org.apache.catalina.core.StandardHostValve.invoke(StandardHostValve.java:116)
	at org.apache.catalina.valves.ErrorReportValve.invoke(ErrorReportValve.java:93)
	at org.apache.catalina.core.StandardEngineValve.invoke(StandardEngineValve.java:74)
	at org.apache.catalina.connector.CoyoteAdapter.service(CoyoteAdapter.java:344)
	at org.apache.coyote.http11.Http11Processor.service(Http11Processor.java:398)
	at org.apache.coyote.AbstractProcessorLight.process(AbstractProcessorLight.java:63)
	at org.apache.coyote.AbstractProtocol$ConnectionHandler.process(AbstractProtocol.java:903)
	at org.apache.tomcat.util.net.NioEndpoint$SocketProcessor.doRun(NioEndpoint.java:1769)
	at org.apache.tomcat.util.net.SocketProcessorBase.run(SocketProcessorBase.java:52)
	at org.apache.tomcat.util.threads.ThreadPoolExecutor.runWorker(ThreadPoolExecutor.java:1189)
	at org.apache.tomcat.util.threads.ThreadPoolExecutor$Worker.run(ThreadPoolExecutor.java:658)
	at org.apache.tomcat.util.threads.TaskThread$WrappingRunnable.run(TaskThread.java:63)
	at java.base/java.lang.Thread.run(Thread.java:840)
2026-03-21 21:44:15.213 [http-nio-8080-exec-7] INFO  com.longan.JWT.JwtTokenInterceptor - 获取到的Token：null
2026-03-21 21:44:15.215 [http-nio-8080-exec-7] ERROR com.longan.JWT.JwtTokenInterceptor - JWT校验失败
java.lang.IllegalArgumentException: JWT String argument cannot be null or empty.
	at io.jsonwebtoken.lang.Assert.hasText(Assert.java:132)
	at io.jsonwebtoken.impl.DefaultJwtParser.parse(DefaultJwtParser.java:527)
	at io.jsonwebtoken.impl.DefaultJwtParser.parseClaimsJws(DefaultJwtParser.java:589)
	at io.jsonwebtoken.impl.ImmutableJwtParser.parseClaimsJws(ImmutableJwtParser.java:173)
	at com.longan.JWT.JwtUtil.parseJWT(JwtUtil.java:44)
	at com.longan.JWT.JwtTokenInterceptor.preHandle(JwtTokenInterceptor.java:40)
	at org.springframework.web.servlet.HandlerExecutionChain.applyPreHandle(HandlerExecutionChain.java:146)
	at org.springframework.web.servlet.DispatcherServlet.doDispatch(DispatcherServlet.java:1084)
	at org.springframework.web.servlet.DispatcherServlet.doService(DispatcherServlet.java:979)
	at org.springframework.web.servlet.FrameworkServlet.processRequest(FrameworkServlet.java:1014)
	at org.springframework.web.servlet.FrameworkServlet.doGet(FrameworkServlet.java:903)
	at jakarta.servlet.http.HttpServlet.service(HttpServlet.java:564)
	at org.springframework.web.servlet.FrameworkServlet.service(FrameworkServlet.java:885)
	at jakarta.servlet.http.HttpServlet.service(HttpServlet.java:658)
	at org.apache.catalina.core.ApplicationFilterChain.internalDoFilter(ApplicationFilterChain.java:195)
	at org.apache.catalina.core.ApplicationFilterChain.doFilter(ApplicationFilterChain.java:140)
	at org.apache.tomcat.websocket.server.WsFilter.doFilter(WsFilter.java:51)
	at org.apache.catalina.core.ApplicationFilterChain.internalDoFilter(ApplicationFilterChain.java:164)
	at org.apache.catalina.core.ApplicationFilterChain.doFilter(ApplicationFilterChain.java:140)
	at org.springframework.web.filter.RequestContextFilter.doFilterInternal(RequestContextFilter.java:100)
	at org.springframework.web.filter.OncePerRequestFilter.doFilter(OncePerRequestFilter.java:116)
	at org.apache.catalina.core.ApplicationFilterChain.internalDoFilter(ApplicationFilterChain.java:164)
	at org.apache.catalina.core.ApplicationFilterChain.doFilter(ApplicationFilterChain.java:140)
	at org.springframework.web.filter.FormContentFilter.doFilterInternal(FormContentFilter.java:93)
	at org.springframework.web.filter.OncePerRequestFilter.doFilter(OncePerRequestFilter.java:116)
	at org.apache.catalina.core.ApplicationFilterChain.internalDoFilter(ApplicationFilterChain.java:164)
	at org.apache.catalina.core.ApplicationFilterChain.doFilter(ApplicationFilterChain.java:140)
	at org.springframework.web.filter.CharacterEncodingFilter.doFilterInternal(CharacterEncodingFilter.java:201)
	at org.springframework.web.filter.OncePerRequestFilter.doFilter(OncePerRequestFilter.java:116)
	at org.apache.catalina.core.ApplicationFilterChain.internalDoFilter(ApplicationFilterChain.java:164)
	at org.apache.catalina.core.ApplicationFilterChain.doFilter(ApplicationFilterChain.java:140)
	at org.apache.catalina.core.StandardWrapperValve.invoke(StandardWrapperValve.java:167)
	at org.apache.catalina.core.StandardContextValve.invoke(StandardContextValve.java:90)
	at org.apache.catalina.authenticator.AuthenticatorBase.invoke(AuthenticatorBase.java:483)
	at org.apache.catalina.core.StandardHostValve.invoke(StandardHostValve.java:116)
	at org.apache.catalina.valves.ErrorReportValve.invoke(ErrorReportValve.java:93)
	at org.apache.catalina.core.StandardEngineValve.invoke(StandardEngineValve.java:74)
	at org.apache.catalina.connector.CoyoteAdapter.service(CoyoteAdapter.java:344)
	at org.apache.coyote.http11.Http11Processor.service(Http11Processor.java:398)
	at org.apache.coyote.AbstractProcessorLight.process(AbstractProcessorLight.java:63)
	at org.apache.coyote.AbstractProtocol$ConnectionHandler.process(AbstractProtocol.java:903)
	at org.apache.tomcat.util.net.NioEndpoint$SocketProcessor.doRun(NioEndpoint.java:1769)
	at org.apache.tomcat.util.net.SocketProcessorBase.run(SocketProcessorBase.java:52)
	at org.apache.tomcat.util.threads.ThreadPoolExecutor.runWorker(ThreadPoolExecutor.java:1189)
	at org.apache.tomcat.util.threads.ThreadPoolExecutor$Worker.run(ThreadPoolExecutor.java:658)
	at org.apache.tomcat.util.threads.TaskThread$WrappingRunnable.run(TaskThread.java:63)
	at java.base/java.lang.Thread.run(Thread.java:840)
2026-03-21 21:44:38.652 [http-nio-8080-exec-8] INFO  com.longan.controller.UserController - 登录：LoginDTO(email=123456789, password=000000)
2026-03-21 21:44:38.657 [http-nio-8080-exec-8] INFO  com.longan.service.impl.UserServiceImpl - 执行用户查询，条件：(email = #{ew.paramNameValuePairs.MPGENVAL1})
2026-03-21 21:44:38.701 [http-nio-8080-exec-8] INFO  com.zaxxer.hikari.HikariDataSource - HikariPool-1 - Starting...
2026-03-21 21:44:38.788 [http-nio-8080-exec-8] INFO  com.zaxxer.hikari.pool.HikariPool - HikariPool-1 - Added connection com.mysql.cj.jdbc.ConnectionImpl@378de210
2026-03-21 21:44:38.789 [http-nio-8080-exec-8] INFO  com.zaxxer.hikari.HikariDataSource - HikariPool-1 - Start completed.
2026-03-21 21:44:38.822 [http-nio-8080-exec-8] INFO  com.longan.service.impl.UserServiceImpl - 用户登录成功，用户名：123456789
2026-03-21 21:44:39.775 [http-nio-8080-exec-9] INFO  com.longan.controller.UserController - 登录：LoginDTO(email=123456789, password=000000)
2026-03-21 21:44:39.776 [http-nio-8080-exec-9] INFO  com.longan.service.impl.UserServiceImpl - 执行用户查询，条件：(email = #{ew.paramNameValuePairs.MPGENVAL1})
2026-03-21 21:44:39.779 [http-nio-8080-exec-9] INFO  com.longan.service.impl.UserServiceImpl - 用户登录成功，用户名：123456789
2026-03-21 21:44:55.274 [http-nio-8080-exec-10] INFO  com.longan.JWT.JwtTokenInterceptor - 获取到的Token：eyJhbGciOiJIUzI1NiJ9.eyJpZCI6MTAwMSwiaWF0IjoxNzc0MTAwNjc5LCJleHAiOjE3NzQxMDc4Nzl9.Iwi2n844lhJbKQbkRpgW9Gsf9CpOwC0ollAA8M67lhE
2026-03-21 21:44:55.281 [http-nio-8080-exec-10] INFO  com.longan.JWT.JwtTokenInterceptor - JWT校验成功，用户ID：1001
2026-03-21 21:44:55.293 [http-nio-8080-exec-10] INFO  com.longan.JWT.JwtTokenInterceptor - 清除ThreadLocal中的用户ID
2026-03-21 21:46:39.621 [http-nio-8080-exec-2] INFO  com.longan.JWT.JwtTokenInterceptor - 获取到的Token：eyJhbGciOiJIUzI1NiJ9.eyJpZCI6MTAwMSwiaWF0IjoxNzc0MTAwNjc5LCJleHAiOjE3NzQxMDc4Nzl9.Iwi2n844lhJbKQbkRpgW9Gsf9CpOwC0ollAA8M67lhE
2026-03-21 21:46:39.623 [http-nio-8080-exec-2] INFO  com.longan.JWT.JwtTokenInterceptor - JWT校验成功，用户ID：1001
2026-03-21 21:46:39.685 [http-nio-8080-exec-2] INFO  com.longan.JWT.JwtTokenInterceptor - 清除ThreadLocal中的用户ID
2026-03-21 21:47:04.372 [http-nio-8080-exec-3] INFO  com.longan.JWT.JwtTokenInterceptor - 获取到的Token：eyJhbGciOiJIUzI1NiJ9.eyJpZCI6MTAwMSwiaWF0IjoxNzc0MTAwNjc5LCJleHAiOjE3NzQxMDc4Nzl9.Iwi2n844lhJbKQbkRpgW9Gsf9CpOwC0ollAA8M67lhE
2026-03-21 21:47:04.374 [http-nio-8080-exec-3] INFO  com.longan.JWT.JwtTokenInterceptor - JWT校验成功，用户ID：1001
2026-03-21 21:47:04.376 [http-nio-8080-exec-3] INFO  com.longan.JWT.JwtTokenInterceptor - 清除ThreadLocal中的用户ID
2026-03-21 21:47:40.300 [http-nio-8080-exec-4] INFO  com.longan.JWT.JwtTokenInterceptor - 获取到的Token：eyJhbGciOiJIUzI1NiJ9.eyJpZCI6MTAwMSwiaWF0IjoxNzc0MTAwNjc5LCJleHAiOjE3NzQxMDc4Nzl9.Iwi2n844lhJbKQbkRpgW9Gsf9CpOwC0ollAA8M67lhE
2026-03-21 21:47:40.302 [http-nio-8080-exec-4] INFO  com.longan.JWT.JwtTokenInterceptor - JWT校验成功，用户ID：1001
2026-03-21 21:47:40.315 [http-nio-8080-exec-4] INFO  com.longan.JWT.JwtTokenInterceptor - 清除ThreadLocal中的用户ID
2026-03-21 21:54:27.024 [SpringApplicationShutdownHook] INFO  com.zaxxer.hikari.HikariDataSource - HikariPool-1 - Shutdown initiated...
2026-03-21 21:54:27.029 [SpringApplicationShutdownHook] INFO  com.zaxxer.hikari.HikariDataSource - HikariPool-1 - Shutdown completed.
2026-03-21 22:32:05.613 [main] INFO  com.longan.LonganApexApplication - Starting LonganApexApplication using Java 17.0.10 with PID 123903 (/mnt/date/Projects/test/longan-apex/longan_apex/target/classes started by fedora in /mnt/date/Projects/test/longan-apex/longan_apex)
2026-03-21 22:32:05.615 [main] DEBUG com.longan.LonganApexApplication - Running with Spring Boot v3.5.3, Spring v6.2.8
2026-03-21 22:32:05.615 [main] INFO  com.longan.LonganApexApplication - No active profile set, falling back to 1 default profile: "default"
2026-03-21 22:32:06.322 [main] INFO  org.apache.coyote.http11.Http11NioProtocol - Initializing ProtocolHandler ["http-nio-8080"]
2026-03-21 22:32:06.323 [main] INFO  org.apache.catalina.core.StandardService - Starting service [Tomcat]
2026-03-21 22:32:06.323 [main] INFO  org.apache.catalina.core.StandardEngine - Starting Servlet engine: [Apache Tomcat/10.1.42]
2026-03-21 22:32:06.357 [main] INFO  o.a.c.core.ContainerBase.[Tomcat].[localhost].[/] - Initializing Spring embedded WebApplicationContext
2026-03-21 22:32:06.687 [main] INFO  com.longan.config.WebMvcConfiguration - 开始注册自定义拦截器...
2026-03-21 22:32:06.910 [main] INFO  org.apache.coyote.http11.Http11NioProtocol - Starting ProtocolHandler ["http-nio-8080"]
2026-03-21 22:32:06.922 [main] INFO  com.longan.LonganApexApplication - Started LonganApexApplication in 1.733 seconds (process running for 2.213)
2026-03-21 22:32:06.924 [main] INFO  com.longan.LonganApexApplication - 启动成功
2026-03-21 22:33:16.260 [http-nio-8080-exec-1] INFO  o.a.c.core.ContainerBase.[Tomcat].[localhost].[/] - Initializing Spring DispatcherServlet 'dispatcherServlet'
2026-03-21 22:33:16.273 [http-nio-8080-exec-1] INFO  com.longan.JWT.JwtTokenInterceptor - 获取到的Token：eyJhbGciOiJIUzI1NiJ9.eyJpZCI6MTAwMSwiaWF0IjoxNzc0MTAwNjc5LCJleHAiOjE3NzQxMDc4Nzl9.Iwi2n844lhJbKQbkRpgW9Gsf9CpOwC0ollAA8M67lhE
2026-03-21 22:33:16.320 [http-nio-8080-exec-1] INFO  com.longan.JWT.JwtTokenInterceptor - JWT校验成功，用户ID：1001
2026-03-21 22:33:16.336 [http-nio-8080-exec-1] INFO  com.zaxxer.hikari.HikariDataSource - HikariPool-1 - Starting...
2026-03-21 22:33:16.451 [http-nio-8080-exec-1] INFO  com.zaxxer.hikari.pool.HikariPool - HikariPool-1 - Added connection com.mysql.cj.jdbc.ConnectionImpl@4d6639e0
2026-03-21 22:33:16.453 [http-nio-8080-exec-1] INFO  com.zaxxer.hikari.HikariDataSource - HikariPool-1 - Start completed.
2026-03-21 22:33:16.457 [http-nio-8080-exec-1] INFO  com.longan.controller.OrderController - 用户 1001 尝试购买商品 1002
2026-03-21 22:33:16.546 [http-nio-8080-exec-1] INFO  com.longan.JWT.JwtTokenInterceptor - 清除ThreadLocal中的用户ID
2026-03-21 22:34:00.186 [http-nio-8080-exec-2] INFO  com.longan.JWT.JwtTokenInterceptor - 获取到的Token：eyJhbGciOiJIUzI1NiJ9.eyJpZCI6MTAwMSwiaWF0IjoxNzc0MTAwNjc5LCJleHAiOjE3NzQxMDc4Nzl9.Iwi2n844lhJbKQbkRpgW9Gsf9CpOwC0ollAA8M67lhE
2026-03-21 22:34:00.187 [http-nio-8080-exec-2] INFO  com.longan.JWT.JwtTokenInterceptor - JWT校验成功，用户ID：1001
2026-03-21 22:34:00.188 [http-nio-8080-exec-2] INFO  com.longan.controller.OrderController - 用户 1001 尝试购买商品 1002
2026-03-21 22:34:00.229 [http-nio-8080-exec-2] INFO  com.longan.JWT.JwtTokenInterceptor - 清除ThreadLocal中的用户ID
2026-03-21 22:38:07.308 [SpringApplicationShutdownHook] INFO  com.zaxxer.hikari.HikariDataSource - HikariPool-1 - Shutdown initiated...
2026-03-21 22:38:07.314 [SpringApplicationShutdownHook] INFO  com.zaxxer.hikari.HikariDataSource - HikariPool-1 - Shutdown completed.
2026-03-21 22:38:08.855 [main] INFO  com.longan.LonganApexApplication - Starting LonganApexApplication using Java 17.0.10 with PID 124388 (/mnt/date/Projects/test/longan-apex/longan_apex/target/classes started by fedora in /mnt/date/Projects/test/longan-apex/longan_apex)
2026-03-21 22:38:08.856 [main] DEBUG com.longan.LonganApexApplication - Running with Spring Boot v3.5.3, Spring v6.2.8
2026-03-21 22:38:08.856 [main] INFO  com.longan.LonganApexApplication - No active profile set, falling back to 1 default profile: "default"
2026-03-21 22:38:09.554 [main] INFO  org.apache.coyote.http11.Http11NioProtocol - Initializing ProtocolHandler ["http-nio-8080"]
2026-03-21 22:38:09.555 [main] INFO  org.apache.catalina.core.StandardService - Starting service [Tomcat]
2026-03-21 22:38:09.555 [main] INFO  org.apache.catalina.core.StandardEngine - Starting Servlet engine: [Apache Tomcat/10.1.42]
2026-03-21 22:38:09.590 [main] INFO  o.a.c.core.ContainerBase.[Tomcat].[localhost].[/] - Initializing Spring embedded WebApplicationContext
2026-03-21 22:38:09.910 [main] INFO  com.longan.config.WebMvcConfiguration - 开始注册自定义拦截器...
2026-03-21 22:38:10.135 [main] INFO  org.apache.coyote.http11.Http11NioProtocol - Starting ProtocolHandler ["http-nio-8080"]
2026-03-21 22:38:10.147 [main] INFO  com.longan.LonganApexApplication - Started LonganApexApplication in 1.706 seconds (process running for 2.12)
2026-03-21 22:38:10.150 [main] INFO  com.longan.LonganApexApplication - 启动成功
2026-03-21 22:38:14.845 [http-nio-8080-exec-1] INFO  o.a.c.core.ContainerBase.[Tomcat].[localhost].[/] - Initializing Spring DispatcherServlet 'dispatcherServlet'
2026-03-21 22:38:14.856 [http-nio-8080-exec-1] INFO  com.longan.JWT.JwtTokenInterceptor - 获取到的Token：eyJhbGciOiJIUzI1NiJ9.eyJpZCI6MTAwMSwiaWF0IjoxNzc0MTAwNjc5LCJleHAiOjE3NzQxMDc4Nzl9.Iwi2n844lhJbKQbkRpgW9Gsf9CpOwC0ollAA8M67lhE
2026-03-21 22:38:14.894 [http-nio-8080-exec-1] INFO  com.longan.JWT.JwtTokenInterceptor - JWT校验成功，用户ID：1001
2026-03-21 22:38:14.908 [http-nio-8080-exec-1] INFO  com.zaxxer.hikari.HikariDataSource - HikariPool-1 - Starting...
2026-03-21 22:38:15.010 [http-nio-8080-exec-1] INFO  com.zaxxer.hikari.pool.HikariPool - HikariPool-1 - Added connection com.mysql.cj.jdbc.ConnectionImpl@3132f869
2026-03-21 22:38:15.011 [http-nio-8080-exec-1] INFO  com.zaxxer.hikari.HikariDataSource - HikariPool-1 - Start completed.
2026-03-21 22:38:15.015 [http-nio-8080-exec-1] INFO  com.longan.controller.OrderController - 用户 1001 尝试购买商品 1002
2026-03-21 22:38:15.159 [http-nio-8080-exec-1] INFO  com.longan.JWT.JwtTokenInterceptor - 清除ThreadLocal中的用户ID
2026-03-21 22:39:25.435 [http-nio-8080-exec-3] INFO  com.longan.JWT.JwtTokenInterceptor - 获取到的Token：eyJhbGciOiJIUzI1NiJ9.eyJpZCI6MTAwMSwiaWF0IjoxNzc0MTAwNjc5LCJleHAiOjE3NzQxMDc4Nzl9.Iwi2n844lhJbKQbkRpgW9Gsf9CpOwC0ollAA8M67lhE
2026-03-21 22:39:25.437 [http-nio-8080-exec-3] INFO  com.longan.JWT.JwtTokenInterceptor - JWT校验成功，用户ID：1001
2026-03-21 22:39:25.438 [http-nio-8080-exec-3] INFO  com.longan.controller.OrderController - 用户 1001 尝试购买商品 1002
2026-03-21 22:39:25.442 [http-nio-8080-exec-3] INFO  com.longan.JWT.JwtTokenInterceptor - 清除ThreadLocal中的用户ID
2026-03-21 22:39:28.001 [http-nio-8080-exec-4] INFO  com.longan.JWT.JwtTokenInterceptor - 获取到的Token：eyJhbGciOiJIUzI1NiJ9.eyJpZCI6MTAwMSwiaWF0IjoxNzc0MTAwNjc5LCJleHAiOjE3NzQxMDc4Nzl9.Iwi2n844lhJbKQbkRpgW9Gsf9CpOwC0ollAA8M67lhE
2026-03-21 22:39:28.003 [http-nio-8080-exec-4] INFO  com.longan.JWT.JwtTokenInterceptor - JWT校验成功，用户ID：1001
2026-03-21 22:39:28.004 [http-nio-8080-exec-4] INFO  com.longan.controller.OrderController - 用户 1001 尝试购买商品 1002
2026-03-21 22:39:28.011 [http-nio-8080-exec-4] INFO  com.longan.JWT.JwtTokenInterceptor - 清除ThreadLocal中的用户ID
2026-03-21 22:39:46.663 [http-nio-8080-exec-5] INFO  com.longan.JWT.JwtTokenInterceptor - 获取到的Token：eyJhbGciOiJIUzI1NiJ9.eyJpZCI6MTAwMSwiaWF0IjoxNzc0MTAwNjc5LCJleHAiOjE3NzQxMDc4Nzl9.Iwi2n844lhJbKQbkRpgW9Gsf9CpOwC0ollAA8M67lhE
2026-03-21 22:39:46.665 [http-nio-8080-exec-5] INFO  com.longan.JWT.JwtTokenInterceptor - JWT校验成功，用户ID：1001
2026-03-21 22:39:46.666 [http-nio-8080-exec-5] INFO  com.longan.controller.OrderController - 用户 1001 尝试购买商品 1002
2026-03-21 22:39:46.672 [http-nio-8080-exec-5] INFO  com.longan.JWT.JwtTokenInterceptor - 清除ThreadLocal中的用户ID
2026-03-21 22:39:53.816 [http-nio-8080-exec-6] INFO  com.longan.JWT.JwtTokenInterceptor - 获取到的Token：eyJhbGciOiJIUzI1NiJ9.eyJpZCI6MTAwMSwiaWF0IjoxNzc0MTAwNjc5LCJleHAiOjE3NzQxMDc4Nzl9.Iwi2n844lhJbKQbkRpgW9Gsf9CpOwC0ollAA8M67lhE
2026-03-21 22:39:53.818 [http-nio-8080-exec-6] INFO  com.longan.JWT.JwtTokenInterceptor - JWT校验成功，用户ID：1001
2026-03-21 22:39:53.819 [http-nio-8080-exec-6] INFO  com.longan.controller.OrderController - 用户 1001 尝试购买商品 1002
2026-03-21 22:39:53.824 [http-nio-8080-exec-6] INFO  com.longan.JWT.JwtTokenInterceptor - 清除ThreadLocal中的用户ID
2026-03-21 22:39:56.782 [http-nio-8080-exec-10] INFO  org.springdoc.api.AbstractOpenApiResource - Init duration for springdoc-openapi is: 236 ms
2026-03-21 22:40:04.289 [http-nio-8080-exec-1] INFO  com.longan.JWT.JwtTokenInterceptor - 获取到的Token：null
2026-03-21 22:40:04.290 [http-nio-8080-exec-1] ERROR com.longan.JWT.JwtTokenInterceptor - JWT校验失败
java.lang.IllegalArgumentException: JWT String argument cannot be null or empty.
	at io.jsonwebtoken.lang.Assert.hasText(Assert.java:132)
	at io.jsonwebtoken.impl.DefaultJwtParser.parse(DefaultJwtParser.java:527)
	at io.jsonwebtoken.impl.DefaultJwtParser.parseClaimsJws(DefaultJwtParser.java:589)
	at io.jsonwebtoken.impl.ImmutableJwtParser.parseClaimsJws(ImmutableJwtParser.java:173)
	at com.longan.JWT.JwtUtil.parseJWT(JwtUtil.java:44)
	at com.longan.JWT.JwtTokenInterceptor.preHandle(JwtTokenInterceptor.java:40)
	at org.springframework.web.servlet.HandlerExecutionChain.applyPreHandle(HandlerExecutionChain.java:146)
	at org.springframework.web.servlet.DispatcherServlet.doDispatch(DispatcherServlet.java:1084)
	at org.springframework.web.servlet.DispatcherServlet.doService(DispatcherServlet.java:979)
	at org.springframework.web.servlet.FrameworkServlet.processRequest(FrameworkServlet.java:1014)
	at org.springframework.web.servlet.FrameworkServlet.doPost(FrameworkServlet.java:914)
	at jakarta.servlet.http.HttpServlet.service(HttpServlet.java:590)
	at org.springframework.web.servlet.FrameworkServlet.service(FrameworkServlet.java:885)
	at jakarta.servlet.http.HttpServlet.service(HttpServlet.java:658)
	at org.apache.catalina.core.ApplicationFilterChain.internalDoFilter(ApplicationFilterChain.java:195)
	at org.apache.catalina.core.ApplicationFilterChain.doFilter(ApplicationFilterChain.java:140)
	at org.apache.tomcat.websocket.server.WsFilter.doFilter(WsFilter.java:51)
	at org.apache.catalina.core.ApplicationFilterChain.internalDoFilter(ApplicationFilterChain.java:164)
	at org.apache.catalina.core.ApplicationFilterChain.doFilter(ApplicationFilterChain.java:140)
	at org.springframework.web.filter.RequestContextFilter.doFilterInternal(RequestContextFilter.java:100)
	at org.springframework.web.filter.OncePerRequestFilter.doFilter(OncePerRequestFilter.java:116)
	at org.apache.catalina.core.ApplicationFilterChain.internalDoFilter(ApplicationFilterChain.java:164)
	at org.apache.catalina.core.ApplicationFilterChain.doFilter(ApplicationFilterChain.java:140)
	at org.springframework.web.filter.FormContentFilter.doFilterInternal(FormContentFilter.java:93)
	at org.springframework.web.filter.OncePerRequestFilter.doFilter(OncePerRequestFilter.java:116)
	at org.apache.catalina.core.ApplicationFilterChain.internalDoFilter(ApplicationFilterChain.java:164)
	at org.apache.catalina.core.ApplicationFilterChain.doFilter(ApplicationFilterChain.java:140)
	at org.springframework.web.filter.CharacterEncodingFilter.doFilterInternal(CharacterEncodingFilter.java:201)
	at org.springframework.web.filter.OncePerRequestFilter.doFilter(OncePerRequestFilter.java:116)
	at org.apache.catalina.core.ApplicationFilterChain.internalDoFilter(ApplicationFilterChain.java:164)
	at org.apache.catalina.core.ApplicationFilterChain.doFilter(ApplicationFilterChain.java:140)
	at org.apache.catalina.core.StandardWrapperValve.invoke(StandardWrapperValve.java:167)
	at org.apache.catalina.core.StandardContextValve.invoke(StandardContextValve.java:90)
	at org.apache.catalina.authenticator.AuthenticatorBase.invoke(AuthenticatorBase.java:483)
	at org.apache.catalina.core.StandardHostValve.invoke(StandardHostValve.java:116)
	at org.apache.catalina.valves.ErrorReportValve.invoke(ErrorReportValve.java:93)
	at org.apache.catalina.core.StandardEngineValve.invoke(StandardEngineValve.java:74)
	at org.apache.catalina.connector.CoyoteAdapter.service(CoyoteAdapter.java:344)
	at org.apache.coyote.http11.Http11Processor.service(Http11Processor.java:398)
	at org.apache.coyote.AbstractProcessorLight.process(AbstractProcessorLight.java:63)
	at org.apache.coyote.AbstractProtocol$ConnectionHandler.process(AbstractProtocol.java:903)
	at org.apache.tomcat.util.net.NioEndpoint$SocketProcessor.doRun(NioEndpoint.java:1769)
	at org.apache.tomcat.util.net.SocketProcessorBase.run(SocketProcessorBase.java:52)
	at org.apache.tomcat.util.threads.ThreadPoolExecutor.runWorker(ThreadPoolExecutor.java:1189)
	at org.apache.tomcat.util.threads.ThreadPoolExecutor$Worker.run(ThreadPoolExecutor.java:658)
	at org.apache.tomcat.util.threads.TaskThread$WrappingRunnable.run(TaskThread.java:63)
	at java.base/java.lang.Thread.run(Thread.java:840)
2026-03-21 22:40:23.757 [http-nio-8080-exec-2] INFO  com.longan.controller.UserController - 登录：LoginDTO(email=123456789, password=000000)
2026-03-21 22:40:23.763 [http-nio-8080-exec-2] INFO  com.longan.service.impl.UserServiceImpl - 执行用户查询，条件：(email = #{ew.paramNameValuePairs.MPGENVAL1})
2026-03-21 22:40:23.776 [http-nio-8080-exec-2] INFO  com.longan.service.impl.UserServiceImpl - 用户登录成功，用户名：123456789
2026-03-21 22:40:24.471 [http-nio-8080-exec-3] INFO  com.longan.controller.UserController - 登录：LoginDTO(email=123456789, password=000000)
2026-03-21 22:40:24.472 [http-nio-8080-exec-3] INFO  com.longan.service.impl.UserServiceImpl - 执行用户查询，条件：(email = #{ew.paramNameValuePairs.MPGENVAL1})
2026-03-21 22:40:24.475 [http-nio-8080-exec-3] INFO  com.longan.service.impl.UserServiceImpl - 用户登录成功，用户名：123456789
2026-03-21 22:40:37.978 [http-nio-8080-exec-4] INFO  com.longan.JWT.JwtTokenInterceptor - 获取到的Token：eyJhbGciOiJIUzI1NiJ9.eyJpZCI6MTAwMSwiaWF0IjoxNzc0MTA0MDI0LCJleHAiOjE3NzQxMTEyMjR9.t2Sh7B7zf3QN-AzQ0y-QPte2ID3MWAepRn3Rc7J-s94
2026-03-21 22:40:37.980 [http-nio-8080-exec-4] INFO  com.longan.JWT.JwtTokenInterceptor - JWT校验成功，用户ID：1001
2026-03-21 22:40:37.981 [http-nio-8080-exec-4] INFO  com.longan.controller.OrderController - 用户 1001 尝试购买商品 1002
2026-03-21 22:40:37.987 [http-nio-8080-exec-4] INFO  com.longan.JWT.JwtTokenInterceptor - 清除ThreadLocal中的用户ID
2026-03-21 22:42:05.605 [http-nio-8080-exec-6] INFO  com.longan.JWT.JwtTokenInterceptor - 获取到的Token：eyJhbGciOiJIUzI1NiJ9.eyJpZCI6MTAwMSwiaWF0IjoxNzc0MTA0MDI0LCJleHAiOjE3NzQxMTEyMjR9.t2Sh7B7zf3QN-AzQ0y-QPte2ID3MWAepRn3Rc7J-s94
2026-03-21 22:42:05.607 [http-nio-8080-exec-6] INFO  com.longan.JWT.JwtTokenInterceptor - JWT校验成功，用户ID：1001
2026-03-21 22:42:10.379 [http-nio-8080-exec-6] INFO  com.longan.controller.OrderController - 用户 1001 尝试购买商品 1002
2026-03-21 22:44:01.137 [HikariPool-1:housekeeper] WARN  com.zaxxer.hikari.pool.HikariPool - HikariPool-1 - Thread starvation or clock leap detected (housekeeper delta=1m45s494ms277µs415ns).
2026-03-21 22:44:01.141 [http-nio-8080-exec-6] INFO  com.longan.JWT.JwtTokenInterceptor - 清除ThreadLocal中的用户ID
2026-03-21 22:44:05.418 [http-nio-8080-exec-7] INFO  com.longan.JWT.JwtTokenInterceptor - 获取到的Token：eyJhbGciOiJIUzI1NiJ9.eyJpZCI6MTAwMSwiaWF0IjoxNzc0MTA0MDI0LCJleHAiOjE3NzQxMTEyMjR9.t2Sh7B7zf3QN-AzQ0y-QPte2ID3MWAepRn3Rc7J-s94
2026-03-21 22:44:05.420 [http-nio-8080-exec-7] INFO  com.longan.JWT.JwtTokenInterceptor - JWT校验成功，用户ID：1001
2026-03-21 22:44:05.422 [http-nio-8080-exec-7] INFO  com.longan.controller.OrderController - 用户 1001 尝试购买商品 1002
2026-03-21 22:46:22.932 [HikariPool-1:housekeeper] WARN  com.zaxxer.hikari.pool.HikariPool - HikariPool-1 - Thread starvation or clock leap detected (housekeeper delta=2m21s794ms632µs362ns).
2026-03-21 22:46:22.939 [http-nio-8080-exec-7] INFO  com.longan.JWT.JwtTokenInterceptor - 清除ThreadLocal中的用户ID
2026-03-21 22:46:22.954 [SpringApplicationShutdownHook] INFO  com.zaxxer.hikari.HikariDataSource - HikariPool-1 - Shutdown initiated...
2026-03-21 22:46:22.959 [SpringApplicationShutdownHook] INFO  com.zaxxer.hikari.HikariDataSource - HikariPool-1 - Shutdown completed.
2026-03-21 22:46:24.963 [main] INFO  com.longan.LonganApexApplication - Starting LonganApexApplication using Java 17.0.10 with PID 124930 (/mnt/date/Projects/test/longan-apex/longan_apex/target/classes started by fedora in /mnt/date/Projects/test/longan-apex/longan_apex)
2026-03-21 22:46:24.964 [main] DEBUG com.longan.LonganApexApplication - Running with Spring Boot v3.5.3, Spring v6.2.8
2026-03-21 22:46:24.964 [main] INFO  com.longan.LonganApexApplication - No active profile set, falling back to 1 default profile: "default"
2026-03-21 22:46:25.729 [main] INFO  org.apache.coyote.http11.Http11NioProtocol - Initializing ProtocolHandler ["http-nio-8080"]
2026-03-21 22:46:25.730 [main] INFO  org.apache.catalina.core.StandardService - Starting service [Tomcat]
2026-03-21 22:46:25.730 [main] INFO  org.apache.catalina.core.StandardEngine - Starting Servlet engine: [Apache Tomcat/10.1.42]
2026-03-21 22:46:25.773 [main] INFO  o.a.c.core.ContainerBase.[Tomcat].[localhost].[/] - Initializing Spring embedded WebApplicationContext
2026-03-21 22:46:26.194 [main] INFO  com.longan.config.WebMvcConfiguration - 开始注册自定义拦截器...
2026-03-21 22:46:26.446 [main] INFO  org.apache.coyote.http11.Http11NioProtocol - Starting ProtocolHandler ["http-nio-8080"]
2026-03-21 22:46:26.459 [main] INFO  com.longan.LonganApexApplication - Started LonganApexApplication in 1.886 seconds (process running for 2.293)
2026-03-21 22:46:26.462 [main] INFO  com.longan.LonganApexApplication - 启动成功
2026-03-21 22:46:28.237 [http-nio-8080-exec-1] INFO  o.a.c.core.ContainerBase.[Tomcat].[localhost].[/] - Initializing Spring DispatcherServlet 'dispatcherServlet'
2026-03-21 22:46:28.253 [http-nio-8080-exec-1] INFO  com.longan.JWT.JwtTokenInterceptor - 获取到的Token：eyJhbGciOiJIUzI1NiJ9.eyJpZCI6MTAwMSwiaWF0IjoxNzc0MTA0MDI0LCJleHAiOjE3NzQxMTEyMjR9.t2Sh7B7zf3QN-AzQ0y-QPte2ID3MWAepRn3Rc7J-s94
2026-03-21 22:46:28.298 [http-nio-8080-exec-1] INFO  com.longan.JWT.JwtTokenInterceptor - JWT校验成功，用户ID：1001
2026-03-21 22:46:28.314 [http-nio-8080-exec-1] INFO  com.zaxxer.hikari.HikariDataSource - HikariPool-1 - Starting...
2026-03-21 22:46:28.414 [http-nio-8080-exec-1] INFO  com.zaxxer.hikari.pool.HikariPool - HikariPool-1 - Added connection com.mysql.cj.jdbc.ConnectionImpl@5839edfc
2026-03-21 22:46:28.415 [http-nio-8080-exec-1] INFO  com.zaxxer.hikari.HikariDataSource - HikariPool-1 - Start completed.
2026-03-21 22:46:28.421 [http-nio-8080-exec-1] INFO  com.longan.controller.OrderController - 用户 1001 尝试购买商品 1002
2026-03-21 22:46:31.685 [http-nio-8080-exec-1] INFO  com.longan.JWT.JwtTokenInterceptor - 清除ThreadLocal中的用户ID
2026-03-21 22:46:48.702 [http-nio-8080-exec-2] INFO  com.longan.JWT.JwtTokenInterceptor - 获取到的Token：eyJhbGciOiJIUzI1NiJ9.eyJpZCI6MTAwMSwiaWF0IjoxNzc0MTA0MDI0LCJleHAiOjE3NzQxMTEyMjR9.t2Sh7B7zf3QN-AzQ0y-QPte2ID3MWAepRn3Rc7J-s94
2026-03-21 22:46:48.704 [http-nio-8080-exec-2] INFO  com.longan.JWT.JwtTokenInterceptor - JWT校验成功，用户ID：1001
2026-03-21 22:46:48.706 [http-nio-8080-exec-2] INFO  com.longan.controller.OrderController - 用户 1001 尝试购买商品 1002
2026-03-21 22:48:10.899 [HikariPool-1:housekeeper] WARN  com.zaxxer.hikari.pool.HikariPool - HikariPool-1 - Thread starvation or clock leap detected (housekeeper delta=1m2s118ms35µs57ns).
2026-03-21 22:48:10.903 [http-nio-8080-exec-2] INFO  com.longan.JWT.JwtTokenInterceptor - 清除ThreadLocal中的用户ID
2026-03-21 22:48:18.597 [http-nio-8080-exec-3] INFO  com.longan.JWT.JwtTokenInterceptor - 获取到的Token：eyJhbGciOiJIUzI1NiJ9.eyJpZCI6MTAwMSwiaWF0IjoxNzc0MTA0MDI0LCJleHAiOjE3NzQxMTEyMjR9.t2Sh7B7zf3QN-AzQ0y-QPte2ID3MWAepRn3Rc7J-s94
2026-03-21 22:48:18.599 [http-nio-8080-exec-3] INFO  com.longan.JWT.JwtTokenInterceptor - JWT校验成功，用户ID：1001
2026-03-21 22:48:18.600 [http-nio-8080-exec-3] INFO  com.longan.controller.OrderController - 用户 1001 尝试购买商品 1002
2026-03-21 22:49:27.485 [HikariPool-1:housekeeper] WARN  com.zaxxer.hikari.pool.HikariPool - HikariPool-1 - Thread starvation or clock leap detected (housekeeper delta=1m16s585ms806µs722ns).
2026-03-21 22:49:27.488 [http-nio-8080-exec-3] INFO  com.longan.JWT.JwtTokenInterceptor - 清除ThreadLocal中的用户ID
2026-03-21 22:49:35.208 [http-nio-8080-exec-4] INFO  com.longan.JWT.JwtTokenInterceptor - 获取到的Token：eyJhbGciOiJIUzI1NiJ9.eyJpZCI6MTAwMSwiaWF0IjoxNzc0MTA0MDI0LCJleHAiOjE3NzQxMTEyMjR9.t2Sh7B7zf3QN-AzQ0y-QPte2ID3MWAepRn3Rc7J-s94
2026-03-21 22:49:35.211 [http-nio-8080-exec-4] INFO  com.longan.JWT.JwtTokenInterceptor - JWT校验成功，用户ID：1001
2026-03-21 22:49:35.212 [http-nio-8080-exec-4] INFO  com.longan.controller.OrderController - 用户 1001 尝试购买商品 1002
2026-03-21 22:49:37.511 [http-nio-8080-exec-4] INFO  com.longan.JWT.JwtTokenInterceptor - 清除ThreadLocal中的用户ID
2026-03-21 22:49:47.694 [http-nio-8080-exec-5] INFO  com.longan.JWT.JwtTokenInterceptor - 获取到的Token：eyJhbGciOiJIUzI1NiJ9.eyJpZCI6MTAwMSwiaWF0IjoxNzc0MTA0MDI0LCJleHAiOjE3NzQxMTEyMjR9.t2Sh7B7zf3QN-AzQ0y-QPte2ID3MWAepRn3Rc7J-s94
2026-03-21 22:49:47.696 [http-nio-8080-exec-5] INFO  com.longan.JWT.JwtTokenInterceptor - JWT校验成功，用户ID：1001
2026-03-21 22:49:47.697 [http-nio-8080-exec-5] INFO  com.longan.controller.OrderController - 用户 1001 尝试购买商品 1002
2026-03-21 22:51:16.400 [HikariPool-1:housekeeper] WARN  com.zaxxer.hikari.pool.HikariPool - HikariPool-1 - Thread starvation or clock leap detected (housekeeper delta=1m48s915ms215µs525ns).
2026-03-21 22:51:16.405 [http-nio-8080-exec-5] INFO  com.longan.JWT.JwtTokenInterceptor - 清除ThreadLocal中的用户ID
2026-03-21 22:51:16.428 [SpringApplicationShutdownHook] INFO  com.zaxxer.hikari.HikariDataSource - HikariPool-1 - Shutdown initiated...
2026-03-21 22:51:16.433 [SpringApplicationShutdownHook] INFO  com.zaxxer.hikari.HikariDataSource - HikariPool-1 - Shutdown completed.
2026-03-21 22:51:17.842 [main] INFO  com.longan.LonganApexApplication - Starting LonganApexApplication using Java 17.0.10 with PID 125394 (/mnt/date/Projects/test/longan-apex/longan_apex/target/classes started by fedora in /mnt/date/Projects/test/longan-apex/longan_apex)
2026-03-21 22:51:17.843 [main] DEBUG com.longan.LonganApexApplication - Running with Spring Boot v3.5.3, Spring v6.2.8
2026-03-21 22:51:17.843 [main] INFO  com.longan.LonganApexApplication - No active profile set, falling back to 1 default profile: "default"
2026-03-21 22:51:18.591 [main] INFO  org.apache.coyote.http11.Http11NioProtocol - Initializing ProtocolHandler ["http-nio-8080"]
2026-03-21 22:51:18.593 [main] INFO  org.apache.catalina.core.StandardService - Starting service [Tomcat]
2026-03-21 22:51:18.593 [main] INFO  org.apache.catalina.core.StandardEngine - Starting Servlet engine: [Apache Tomcat/10.1.42]
2026-03-21 22:51:18.633 [main] INFO  o.a.c.core.ContainerBase.[Tomcat].[localhost].[/] - Initializing Spring embedded WebApplicationContext
2026-03-21 22:51:19.057 [main] INFO  com.longan.config.WebMvcConfiguration - 开始注册自定义拦截器...
2026-03-21 22:51:19.314 [main] INFO  org.apache.coyote.http11.Http11NioProtocol - Starting ProtocolHandler ["http-nio-8080"]
2026-03-21 22:51:19.328 [main] INFO  com.longan.LonganApexApplication - Started LonganApexApplication in 1.832 seconds (process running for 2.242)
2026-03-21 22:51:19.330 [main] INFO  com.longan.LonganApexApplication - 启动成功
2026-03-21 22:51:20.504 [http-nio-8080-exec-1] INFO  o.a.c.core.ContainerBase.[Tomcat].[localhost].[/] - Initializing Spring DispatcherServlet 'dispatcherServlet'
2026-03-21 22:51:20.515 [http-nio-8080-exec-1] INFO  com.longan.JWT.JwtTokenInterceptor - 获取到的Token：eyJhbGciOiJIUzI1NiJ9.eyJpZCI6MTAwMSwiaWF0IjoxNzc0MTA0MDI0LCJleHAiOjE3NzQxMTEyMjR9.t2Sh7B7zf3QN-AzQ0y-QPte2ID3MWAepRn3Rc7J-s94
2026-03-21 22:51:20.559 [http-nio-8080-exec-1] INFO  com.longan.JWT.JwtTokenInterceptor - JWT校验成功，用户ID：1001
2026-03-21 22:51:20.574 [http-nio-8080-exec-1] INFO  com.zaxxer.hikari.HikariDataSource - HikariPool-1 - Starting...
2026-03-21 22:51:20.683 [http-nio-8080-exec-1] INFO  com.zaxxer.hikari.pool.HikariPool - HikariPool-1 - Added connection com.mysql.cj.jdbc.ConnectionImpl@5a72b894
2026-03-21 22:51:20.685 [http-nio-8080-exec-1] INFO  com.zaxxer.hikari.HikariDataSource - HikariPool-1 - Start completed.
2026-03-21 22:51:20.688 [http-nio-8080-exec-1] INFO  com.longan.controller.OrderController - 用户 1001 尝试购买商品 1002
2026-03-21 22:52:32.745 [HikariPool-1:housekeeper] WARN  com.zaxxer.hikari.pool.HikariPool - HikariPool-1 - Thread starvation or clock leap detected (housekeeper delta=1m10s320ms731µs503ns).
2026-03-21 22:52:32.905 [http-nio-8080-exec-1] INFO  com.longan.JWT.JwtTokenInterceptor - 清除ThreadLocal中的用户ID
2026-03-21 22:52:32.921 [SpringApplicationShutdownHook] INFO  com.zaxxer.hikari.HikariDataSource - HikariPool-1 - Shutdown initiated...
2026-03-21 22:52:32.942 [SpringApplicationShutdownHook] INFO  com.zaxxer.hikari.HikariDataSource - HikariPool-1 - Shutdown completed.
2026-03-21 22:52:34.380 [main] INFO  com.longan.LonganApexApplication - Starting LonganApexApplication using Java 17.0.10 with PID 125584 (/mnt/date/Projects/test/longan-apex/longan_apex/target/classes started by fedora in /mnt/date/Projects/test/longan-apex/longan_apex)
2026-03-21 22:52:34.382 [main] DEBUG com.longan.LonganApexApplication - Running with Spring Boot v3.5.3, Spring v6.2.8
2026-03-21 22:52:34.383 [main] INFO  com.longan.LonganApexApplication - No active profile set, falling back to 1 default profile: "default"
2026-03-21 22:52:35.104 [main] INFO  org.apache.coyote.http11.Http11NioProtocol - Initializing ProtocolHandler ["http-nio-8080"]
2026-03-21 22:52:35.105 [main] INFO  org.apache.catalina.core.StandardService - Starting service [Tomcat]
2026-03-21 22:52:35.106 [main] INFO  org.apache.catalina.core.StandardEngine - Starting Servlet engine: [Apache Tomcat/10.1.42]
2026-03-21 22:52:35.146 [main] INFO  o.a.c.core.ContainerBase.[Tomcat].[localhost].[/] - Initializing Spring embedded WebApplicationContext
2026-03-21 22:52:35.523 [main] INFO  com.longan.config.WebMvcConfiguration - 开始注册自定义拦截器...
2026-03-21 22:52:35.769 [main] INFO  org.apache.coyote.http11.Http11NioProtocol - Starting ProtocolHandler ["http-nio-8080"]
2026-03-21 22:52:35.781 [main] INFO  com.longan.LonganApexApplication - Started LonganApexApplication in 1.837 seconds (process running for 2.24)
2026-03-21 22:52:35.785 [main] INFO  com.longan.LonganApexApplication - 启动成功
2026-03-21 22:52:47.878 [http-nio-8080-exec-1] INFO  o.a.c.core.ContainerBase.[Tomcat].[localhost].[/] - Initializing Spring DispatcherServlet 'dispatcherServlet'
2026-03-21 22:52:47.894 [http-nio-8080-exec-1] INFO  com.longan.JWT.JwtTokenInterceptor - 获取到的Token：eyJhbGciOiJIUzI1NiJ9.eyJpZCI6MTAwMSwiaWF0IjoxNzc0MTA0MDI0LCJleHAiOjE3NzQxMTEyMjR9.t2Sh7B7zf3QN-AzQ0y-QPte2ID3MWAepRn3Rc7J-s94
2026-03-21 22:52:47.937 [http-nio-8080-exec-1] INFO  com.longan.JWT.JwtTokenInterceptor - JWT校验成功，用户ID：1001
2026-03-21 22:52:47.952 [http-nio-8080-exec-1] INFO  com.zaxxer.hikari.HikariDataSource - HikariPool-1 - Starting...
2026-03-21 22:52:48.076 [http-nio-8080-exec-1] INFO  com.zaxxer.hikari.pool.HikariPool - HikariPool-1 - Added connection com.mysql.cj.jdbc.ConnectionImpl@2b5e7d15
2026-03-21 22:52:48.078 [http-nio-8080-exec-1] INFO  com.zaxxer.hikari.HikariDataSource - HikariPool-1 - Start completed.
2026-03-21 22:52:48.083 [http-nio-8080-exec-1] INFO  com.longan.controller.OrderController - 用户 1001 尝试购买商品 1002
2026-03-21 22:53:13.629 [http-nio-8080-exec-1] INFO  com.longan.JWT.JwtTokenInterceptor - 清除ThreadLocal中的用户ID
2026-03-21 22:56:19.521 [SpringApplicationShutdownHook] INFO  com.zaxxer.hikari.HikariDataSource - HikariPool-1 - Shutdown initiated...
2026-03-21 22:56:19.528 [SpringApplicationShutdownHook] INFO  com.zaxxer.hikari.HikariDataSource - HikariPool-1 - Shutdown completed.
2026-03-21 22:56:20.988 [main] INFO  com.longan.LonganApexApplication - Starting LonganApexApplication using Java 17.0.10 with PID 126115 (/mnt/date/Projects/test/longan-apex/longan_apex/target/classes started by fedora in /mnt/date/Projects/test/longan-apex/longan_apex)
2026-03-21 22:56:20.989 [main] DEBUG com.longan.LonganApexApplication - Running with Spring Boot v3.5.3, Spring v6.2.8
2026-03-21 22:56:20.989 [main] INFO  com.longan.LonganApexApplication - No active profile set, falling back to 1 default profile: "default"
2026-03-21 22:56:21.731 [main] INFO  org.apache.coyote.http11.Http11NioProtocol - Initializing ProtocolHandler ["http-nio-8080"]
2026-03-21 22:56:21.733 [main] INFO  org.apache.catalina.core.StandardService - Starting service [Tomcat]
2026-03-21 22:56:21.733 [main] INFO  org.apache.catalina.core.StandardEngine - Starting Servlet engine: [Apache Tomcat/10.1.42]
2026-03-21 22:56:21.771 [main] INFO  o.a.c.core.ContainerBase.[Tomcat].[localhost].[/] - Initializing Spring embedded WebApplicationContext
2026-03-21 22:56:22.167 [main] INFO  com.longan.config.WebMvcConfiguration - 开始注册自定义拦截器...
2026-03-21 22:56:22.415 [main] INFO  org.apache.coyote.http11.Http11NioProtocol - Starting ProtocolHandler ["http-nio-8080"]
2026-03-21 22:56:22.428 [main] INFO  com.longan.LonganApexApplication - Started LonganApexApplication in 1.827 seconds (process running for 2.229)
2026-03-21 22:56:22.430 [main] INFO  com.longan.LonganApexApplication - 启动成功
2026-03-21 22:56:25.685 [http-nio-8080-exec-1] INFO  o.a.c.core.ContainerBase.[Tomcat].[localhost].[/] - Initializing Spring DispatcherServlet 'dispatcherServlet'
2026-03-21 22:56:25.696 [http-nio-8080-exec-1] INFO  com.longan.JWT.JwtTokenInterceptor - 获取到的Token：eyJhbGciOiJIUzI1NiJ9.eyJpZCI6MTAwMSwiaWF0IjoxNzc0MTA0MDI0LCJleHAiOjE3NzQxMTEyMjR9.t2Sh7B7zf3QN-AzQ0y-QPte2ID3MWAepRn3Rc7J-s94
2026-03-21 22:56:25.738 [http-nio-8080-exec-1] INFO  com.longan.JWT.JwtTokenInterceptor - JWT校验成功，用户ID：1001
2026-03-21 22:56:25.754 [http-nio-8080-exec-1] INFO  com.zaxxer.hikari.HikariDataSource - HikariPool-1 - Starting...
2026-03-21 22:56:25.866 [http-nio-8080-exec-1] INFO  com.zaxxer.hikari.pool.HikariPool - HikariPool-1 - Added connection com.mysql.cj.jdbc.ConnectionImpl@377c9702
2026-03-21 22:56:25.867 [http-nio-8080-exec-1] INFO  com.zaxxer.hikari.HikariDataSource - HikariPool-1 - Start completed.
2026-03-21 22:56:25.871 [http-nio-8080-exec-1] INFO  com.longan.controller.OrderController - 用户 1001 尝试购买商品 1002
2026-03-21 22:56:38.718 [http-nio-8080-exec-1] INFO  com.longan.controller.OrderController - 交易成功：买家 1001, 卖家 1002, 金额 6800.00
2026-03-21 22:56:38.754 [http-nio-8080-exec-1] INFO  com.longan.JWT.JwtTokenInterceptor - 清除ThreadLocal中的用户ID
2026-03-21 22:57:27.398 [SpringApplicationShutdownHook] INFO  com.zaxxer.hikari.HikariDataSource - HikariPool-1 - Shutdown initiated...
2026-03-21 22:57:27.404 [SpringApplicationShutdownHook] INFO  com.zaxxer.hikari.HikariDataSource - HikariPool-1 - Shutdown completed.
